{"C:\\Users\\Teodora\\Documents\\GitHub\\MyDoctor\\website\\src\\App.js": {"path":"C:\\Users\\Teodora\\Documents\\GitHub\\MyDoctor\\website\\src\\App.js","statementMap":{"0":{"start":{"line":31,"column":12},"end":{"line":43,"column":1}},"1":{"start":{"line":32,"column":2},"end":{"line":42,"column":3}}},"fnMap":{"0":{"name":"(anonymous_0)","decl":{"start":{"line":31,"column":12},"end":{"line":31,"column":13}},"loc":{"start":{"line":31,"column":18},"end":{"line":43,"column":1}},"line":31}},"branchMap":{},"s":{"0":0,"1":0},"f":{"0":0},"b":{}}
,"C:\\Users\\Teodora\\Documents\\GitHub\\MyDoctor\\website\\src\\ProtectedRoute.js": {"path":"C:\\Users\\Teodora\\Documents\\GitHub\\MyDoctor\\website\\src\\ProtectedRoute.js","statementMap":{"0":{"start":{"line":5,"column":23},"end":{"line":24,"column":1}},"1":{"start":{"line":6,"column":32},"end":{"line":6,"column":46}},"2":{"start":{"line":7,"column":19},"end":{"line":7,"column":35}},"3":{"start":{"line":8,"column":18},"end":{"line":8,"column":30}},"4":{"start":{"line":10,"column":2},"end":{"line":12,"column":12}},"5":{"start":{"line":11,"column":4},"end":{"line":11,"column":21}},"6":{"start":{"line":14,"column":2},"end":{"line":21,"column":30}},"7":{"start":{"line":15,"column":4},"end":{"line":17,"column":5}},"8":{"start":{"line":16,"column":6},"end":{"line":16,"column":12}},"9":{"start":{"line":18,"column":4},"end":{"line":20,"column":5}},"10":{"start":{"line":19,"column":6},"end":{"line":19,"column":40}},"11":{"start":{"line":23,"column":2},"end":{"line":23,"column":80}},"12":{"start":{"line":23,"column":52},"end":{"line":23,"column":76}}},"fnMap":{"0":{"name":"(anonymous_0)","decl":{"start":{"line":5,"column":23},"end":{"line":5,"column":24}},"loc":{"start":{"line":5,"column":69},"end":{"line":24,"column":1}},"line":5},"1":{"name":"(anonymous_1)","decl":{"start":{"line":10,"column":12},"end":{"line":10,"column":13}},"loc":{"start":{"line":10,"column":18},"end":{"line":12,"column":3}},"line":10},"2":{"name":"(anonymous_2)","decl":{"start":{"line":14,"column":12},"end":{"line":14,"column":13}},"loc":{"start":{"line":14,"column":18},"end":{"line":21,"column":3}},"line":14},"3":{"name":"(anonymous_3)","decl":{"start":{"line":23,"column":41},"end":{"line":23,"column":42}},"loc":{"start":{"line":23,"column":52},"end":{"line":23,"column":76}},"line":23}},"branchMap":{"0":{"loc":{"start":{"line":15,"column":4},"end":{"line":17,"column":5}},"type":"if","locations":[{"start":{"line":15,"column":4},"end":{"line":17,"column":5}},{"start":{},"end":{}}],"line":15},"1":{"loc":{"start":{"line":18,"column":4},"end":{"line":20,"column":5}},"type":"if","locations":[{"start":{"line":18,"column":4},"end":{"line":20,"column":5}},{"start":{},"end":{}}],"line":18},"2":{"loc":{"start":{"line":18,"column":8},"end":{"line":18,"column":31}},"type":"binary-expr","locations":[{"start":{"line":18,"column":8},"end":{"line":18,"column":13}},{"start":{"line":18,"column":17},"end":{"line":18,"column":31}}],"line":18}},"s":{"0":0,"1":0,"2":0,"3":0,"4":0,"5":0,"6":0,"7":0,"8":0,"9":0,"10":0,"11":0,"12":0},"f":{"0":0,"1":0,"2":0,"3":0},"b":{"0":[0,0],"1":[0,0],"2":[0,0]}}
,"C:\\Users\\Teodora\\Documents\\GitHub\\MyDoctor\\website\\src\\babel.config.js": {"path":"C:\\Users\\Teodora\\Documents\\GitHub\\MyDoctor\\website\\src\\babel.config.js","statementMap":{"0":{"start":{"line":1,"column":0},"end":{"line":1,"column":49}}},"fnMap":{},"branchMap":{},"s":{"0":0},"f":{},"b":{}}
,"C:\\Users\\Teodora\\Documents\\GitHub\\MyDoctor\\website\\src\\index.js": {"path":"C:\\Users\\Teodora\\Documents\\GitHub\\MyDoctor\\website\\src\\index.js","statementMap":{"0":{"start":{"line":22,"column":13},"end":{"line":22,"column":44}},"1":{"start":{"line":23,"column":0},"end":{"line":23,"column":21}}},"fnMap":{},"branchMap":{},"s":{"0":0,"1":0},"f":{},"b":{}}
,"C:\\Users\\Teodora\\Documents\\GitHub\\MyDoctor\\website\\src\\routes.js": {"path":"C:\\Users\\Teodora\\Documents\\GitHub\\MyDoctor\\website\\src\\routes.js","statementMap":{"0":{"start":{"line":28,"column":15},"end":{"line":152,"column":1}}},"fnMap":{},"branchMap":{},"s":{"0":0},"f":{},"b":{}}
,"C:\\Users\\Teodora\\Documents\\GitHub\\MyDoctor\\website\\src\\api\\auth.js": {"path":"C:\\Users\\Teodora\\Documents\\GitHub\\MyDoctor\\website\\src\\api\\auth.js","statementMap":{"0":{"start":{"line":5,"column":4},"end":{"line":5,"column":45}},"1":{"start":{"line":9,"column":4},"end":{"line":9,"column":55}},"2":{"start":{"line":13,"column":4},"end":{"line":13,"column":43}}},"fnMap":{"0":{"name":"(anonymous_0)","decl":{"start":{"line":4,"column":2},"end":{"line":4,"column":3}},"loc":{"start":{"line":4,"column":37},"end":{"line":6,"column":3}},"line":4},"1":{"name":"(anonymous_1)","decl":{"start":{"line":8,"column":2},"end":{"line":8,"column":3}},"loc":{"start":{"line":8,"column":36},"end":{"line":10,"column":3}},"line":8},"2":{"name":"(anonymous_2)","decl":{"start":{"line":12,"column":2},"end":{"line":12,"column":3}},"loc":{"start":{"line":12,"column":27},"end":{"line":14,"column":3}},"line":12}},"branchMap":{},"s":{"0":0,"1":0,"2":0},"f":{"0":0,"1":0,"2":0},"b":{}}
,"C:\\Users\\Teodora\\Documents\\GitHub\\MyDoctor\\website\\src\\api\\doctor.js": {"path":"C:\\Users\\Teodora\\Documents\\GitHub\\MyDoctor\\website\\src\\api\\doctor.js","statementMap":{"0":{"start":{"line":5,"column":4},"end":{"line":5,"column":71}},"1":{"start":{"line":8,"column":4},"end":{"line":8,"column":41}},"2":{"start":{"line":11,"column":4},"end":{"line":11,"column":58}},"3":{"start":{"line":14,"column":4},"end":{"line":14,"column":50}},"4":{"start":{"line":17,"column":4},"end":{"line":17,"column":30}}},"fnMap":{"0":{"name":"(anonymous_0)","decl":{"start":{"line":4,"column":2},"end":{"line":4,"column":3}},"loc":{"start":{"line":4,"column":52},"end":{"line":6,"column":3}},"line":4},"1":{"name":"(anonymous_1)","decl":{"start":{"line":7,"column":2},"end":{"line":7,"column":3}},"loc":{"start":{"line":7,"column":32},"end":{"line":9,"column":3}},"line":7},"2":{"name":"(anonymous_2)","decl":{"start":{"line":10,"column":2},"end":{"line":10,"column":3}},"loc":{"start":{"line":10,"column":34},"end":{"line":12,"column":3}},"line":10},"3":{"name":"(anonymous_3)","decl":{"start":{"line":13,"column":2},"end":{"line":13,"column":3}},"loc":{"start":{"line":13,"column":35},"end":{"line":15,"column":3}},"line":13},"4":{"name":"(anonymous_4)","decl":{"start":{"line":16,"column":2},"end":{"line":16,"column":3}},"loc":{"start":{"line":16,"column":33},"end":{"line":18,"column":3}},"line":16}},"branchMap":{},"s":{"0":0,"1":0,"2":0,"3":0,"4":0},"f":{"0":0,"1":0,"2":0,"3":0,"4":0},"b":{}}
,"C:\\Users\\Teodora\\Documents\\GitHub\\MyDoctor\\website\\src\\api\\index.js": {"path":"C:\\Users\\Teodora\\Documents\\GitHub\\MyDoctor\\website\\src\\api\\index.js","statementMap":{"0":{"start":{"line":3,"column":14},"end":{"line":6,"column":2}},"1":{"start":{"line":8,"column":0},"end":{"line":20,"column":1}},"2":{"start":{"line":10,"column":15},"end":{"line":10,"column":43}},"3":{"start":{"line":11,"column":4},"end":{"line":16,"column":5}},"4":{"start":{"line":12,"column":6},"end":{"line":12,"column":29}},"5":{"start":{"line":13,"column":6},"end":{"line":15,"column":7}},"6":{"start":{"line":14,"column":8},"end":{"line":14,"column":52}},"7":{"start":{"line":17,"column":4},"end":{"line":17,"column":34}},"8":{"start":{"line":19,"column":13},"end":{"line":19,"column":34}},"9":{"start":{"line":22,"column":0},"end":{"line":25,"column":1}},"10":{"start":{"line":23,"column":16},"end":{"line":23,"column":41}},"11":{"start":{"line":24,"column":13},"end":{"line":24,"column":34}}},"fnMap":{"0":{"name":"(anonymous_0)","decl":{"start":{"line":9,"column":2},"end":{"line":9,"column":3}},"loc":{"start":{"line":9,"column":14},"end":{"line":18,"column":3}},"line":9},"1":{"name":"(anonymous_1)","decl":{"start":{"line":19,"column":2},"end":{"line":19,"column":3}},"loc":{"start":{"line":19,"column":13},"end":{"line":19,"column":34}},"line":19},"2":{"name":"(anonymous_2)","decl":{"start":{"line":23,"column":2},"end":{"line":23,"column":3}},"loc":{"start":{"line":23,"column":16},"end":{"line":23,"column":41}},"line":23},"3":{"name":"(anonymous_3)","decl":{"start":{"line":24,"column":2},"end":{"line":24,"column":3}},"loc":{"start":{"line":24,"column":13},"end":{"line":24,"column":34}},"line":24}},"branchMap":{"0":{"loc":{"start":{"line":11,"column":4},"end":{"line":16,"column":5}},"type":"if","locations":[{"start":{"line":11,"column":4},"end":{"line":16,"column":5}},{"start":{},"end":{}}],"line":11},"1":{"loc":{"start":{"line":13,"column":6},"end":{"line":15,"column":7}},"type":"if","locations":[{"start":{"line":13,"column":6},"end":{"line":15,"column":7}},{"start":{},"end":{}}],"line":13}},"s":{"0":0,"1":0,"2":0,"3":0,"4":0,"5":0,"6":0,"7":0,"8":0,"9":0,"10":0,"11":0},"f":{"0":0,"1":0,"2":0,"3":0},"b":{"0":[0,0],"1":[0,0]}}
,"C:\\Users\\Teodora\\Documents\\GitHub\\MyDoctor\\website\\src\\api\\patient.js": {"path":"C:\\Users\\Teodora\\Documents\\GitHub\\MyDoctor\\website\\src\\api\\patient.js","statementMap":{"0":{"start":{"line":5,"column":4},"end":{"line":5,"column":59}},"1":{"start":{"line":8,"column":4},"end":{"line":8,"column":50}}},"fnMap":{"0":{"name":"(anonymous_0)","decl":{"start":{"line":4,"column":2},"end":{"line":4,"column":3}},"loc":{"start":{"line":4,"column":35},"end":{"line":6,"column":3}},"line":4},"1":{"name":"(anonymous_1)","decl":{"start":{"line":7,"column":2},"end":{"line":7,"column":3}},"loc":{"start":{"line":7,"column":36},"end":{"line":9,"column":3}},"line":7}},"branchMap":{},"s":{"0":0,"1":0},"f":{"0":0,"1":0},"b":{}}
,"C:\\Users\\Teodora\\Documents\\GitHub\\MyDoctor\\website\\src\\components\\Footers\\AdminFooter.js": {"path":"C:\\Users\\Teodora\\Documents\\GitHub\\MyDoctor\\website\\src\\components\\Footers\\AdminFooter.js","statementMap":{"0":{"start":{"line":23,"column":15},"end":{"line":43,"column":1}},"1":{"start":{"line":24,"column":2},"end":{"line":42,"column":4}}},"fnMap":{"0":{"name":"(anonymous_0)","decl":{"start":{"line":23,"column":15},"end":{"line":23,"column":16}},"loc":{"start":{"line":23,"column":21},"end":{"line":43,"column":1}},"line":23}},"branchMap":{},"s":{"0":0,"1":0},"f":{"0":0},"b":{}}
,"C:\\Users\\Teodora\\Documents\\GitHub\\MyDoctor\\website\\src\\components\\Footers\\AuthFooter.js": {"path":"C:\\Users\\Teodora\\Documents\\GitHub\\MyDoctor\\website\\src\\components\\Footers\\AuthFooter.js","statementMap":{"0":{"start":{"line":23,"column":14},"end":{"line":46,"column":1}},"1":{"start":{"line":24,"column":2},"end":{"line":45,"column":4}}},"fnMap":{"0":{"name":"(anonymous_0)","decl":{"start":{"line":23,"column":14},"end":{"line":23,"column":15}},"loc":{"start":{"line":23,"column":20},"end":{"line":46,"column":1}},"line":23}},"branchMap":{},"s":{"0":0,"1":0},"f":{"0":0},"b":{}}
,"C:\\Users\\Teodora\\Documents\\GitHub\\MyDoctor\\website\\src\\components\\Headers\\Header.js": {"path":"C:\\Users\\Teodora\\Documents\\GitHub\\MyDoctor\\website\\src\\components\\Headers\\Header.js","statementMap":{"0":{"start":{"line":22,"column":15},"end":{"line":33,"column":1}},"1":{"start":{"line":23,"column":2},"end":{"line":32,"column":4}}},"fnMap":{"0":{"name":"(anonymous_0)","decl":{"start":{"line":22,"column":15},"end":{"line":22,"column":16}},"loc":{"start":{"line":22,"column":21},"end":{"line":33,"column":1}},"line":22}},"branchMap":{},"s":{"0":1,"1":1},"f":{"0":1},"b":{},"_coverageSchema":"1a1c01bbd47fc00a2c39e90264f33305004495a9","hash":"f4c6db4d2450667fddd0a12c3f3c47328be9ef88"}
,"C:\\Users\\Teodora\\Documents\\GitHub\\MyDoctor\\website\\src\\components\\Headers\\UserHeader.js": {"path":"C:\\Users\\Teodora\\Documents\\GitHub\\MyDoctor\\website\\src\\components\\Headers\\UserHeader.js","statementMap":{"0":{"start":{"line":22,"column":19},"end":{"line":51,"column":1}},"1":{"start":{"line":23,"column":2},"end":{"line":50,"column":3}}},"fnMap":{"0":{"name":"(anonymous_0)","decl":{"start":{"line":22,"column":19},"end":{"line":22,"column":20}},"loc":{"start":{"line":22,"column":30},"end":{"line":51,"column":1}},"line":22}},"branchMap":{},"s":{"0":1,"1":1},"f":{"0":1},"b":{},"_coverageSchema":"1a1c01bbd47fc00a2c39e90264f33305004495a9","hash":"b6e09f5a9df7e4e49674e0c0468dd92cf191b483"}
,"C:\\Users\\Teodora\\Documents\\GitHub\\MyDoctor\\website\\src\\components\\Navbars\\AdminNavbar.js": {"path":"C:\\Users\\Teodora\\Documents\\GitHub\\MyDoctor\\website\\src\\components\\Navbars\\AdminNavbar.js","statementMap":{"0":{"start":{"line":33,"column":20},"end":{"line":93,"column":1}},"1":{"start":{"line":34,"column":18},"end":{"line":34,"column":30}},"2":{"start":{"line":35,"column":19},"end":{"line":35,"column":35}},"3":{"start":{"line":36,"column":34},"end":{"line":36,"column":46}},"4":{"start":{"line":37,"column":2},"end":{"line":41,"column":9}},"5":{"start":{"line":38,"column":4},"end":{"line":39,"column":53}},"6":{"start":{"line":39,"column":4},"end":{"line":39,"column":53}},"7":{"start":{"line":42,"column":2},"end":{"line":92,"column":4}},"8":{"start":{"line":82,"column":59},"end":{"line":82,"column":87}}},"fnMap":{"0":{"name":"(anonymous_0)","decl":{"start":{"line":33,"column":20},"end":{"line":33,"column":21}},"loc":{"start":{"line":33,"column":31},"end":{"line":93,"column":1}},"line":33},"1":{"name":"(anonymous_1)","decl":{"start":{"line":37,"column":12},"end":{"line":37,"column":13}},"loc":{"start":{"line":37,"column":16},"end":{"line":40,"column":3}},"line":37},"2":{"name":"(anonymous_2)","decl":{"start":{"line":82,"column":53},"end":{"line":82,"column":54}},"loc":{"start":{"line":82,"column":59},"end":{"line":82,"column":87}},"line":82}},"branchMap":{"0":{"loc":{"start":{"line":38,"column":4},"end":{"line":39,"column":53}},"type":"if","locations":[{"start":{"line":38,"column":4},"end":{"line":39,"column":53}},{"start":{},"end":{}}],"line":38},"1":{"loc":{"start":{"line":38,"column":8},"end":{"line":38,"column":23}},"type":"binary-expr","locations":[{"start":{"line":38,"column":8},"end":{"line":38,"column":12}},{"start":{"line":38,"column":16},"end":{"line":38,"column":23}}],"line":38}},"s":{"0":0,"1":0,"2":0,"3":0,"4":0,"5":0,"6":0,"7":0,"8":0},"f":{"0":0,"1":0,"2":0},"b":{"0":[0,0],"1":[0,0]}}
,"C:\\Users\\Teodora\\Documents\\GitHub\\MyDoctor\\website\\src\\components\\Navbars\\AuthNavbar.js": {"path":"C:\\Users\\Teodora\\Documents\\GitHub\\MyDoctor\\website\\src\\components\\Navbars\\AuthNavbar.js","statementMap":{"0":{"start":{"line":33,"column":20},"end":{"line":110,"column":1}},"1":{"start":{"line":34,"column":19},"end":{"line":34,"column":35}},"2":{"start":{"line":35,"column":2},"end":{"line":109,"column":3}}},"fnMap":{"0":{"name":"(anonymous_0)","decl":{"start":{"line":33,"column":20},"end":{"line":33,"column":21}},"loc":{"start":{"line":33,"column":26},"end":{"line":110,"column":1}},"line":33}},"branchMap":{"0":{"loc":{"start":{"line":71,"column":22},"end":{"line":71,"column":59}},"type":"cond-expr","locations":[{"start":{"line":71,"column":40},"end":{"line":71,"column":43}},{"start":{"line":71,"column":46},"end":{"line":71,"column":59}}],"line":71},"1":{"loc":{"start":{"line":71,"column":22},"end":{"line":71,"column":37}},"type":"binary-expr","locations":[{"start":{"line":71,"column":22},"end":{"line":71,"column":26}},{"start":{"line":71,"column":30},"end":{"line":71,"column":37}}],"line":71},"2":{"loc":{"start":{"line":97,"column":22},"end":{"line":97,"column":59}},"type":"cond-expr","locations":[{"start":{"line":97,"column":40},"end":{"line":97,"column":43}},{"start":{"line":97,"column":46},"end":{"line":97,"column":59}}],"line":97},"3":{"loc":{"start":{"line":97,"column":22},"end":{"line":97,"column":37}},"type":"binary-expr","locations":[{"start":{"line":97,"column":22},"end":{"line":97,"column":26}},{"start":{"line":97,"column":30},"end":{"line":97,"column":37}}],"line":97}},"s":{"0":0,"1":0,"2":0},"f":{"0":0},"b":{"0":[0,0],"1":[0,0],"2":[0,0],"3":[0,0]}}
,"C:\\Users\\Teodora\\Documents\\GitHub\\MyDoctor\\website\\src\\components\\Sidebar\\Sidebar.js": {"path":"C:\\Users\\Teodora\\Documents\\GitHub\\MyDoctor\\website\\src\\components\\Sidebar\\Sidebar.js","statementMap":{"0":{"start":{"line":47,"column":16},"end":{"line":233,"column":1}},"1":{"start":{"line":48,"column":42},"end":{"line":48,"column":52}},"2":{"start":{"line":49,"column":18},"end":{"line":49,"column":30}},"3":{"start":{"line":50,"column":27},"end":{"line":50,"column":32}},"4":{"start":{"line":53,"column":25},"end":{"line":55,"column":3}},"5":{"start":{"line":54,"column":4},"end":{"line":54,"column":36}},"6":{"start":{"line":54,"column":30},"end":{"line":54,"column":35}},"7":{"start":{"line":57,"column":24},"end":{"line":59,"column":3}},"8":{"start":{"line":58,"column":4},"end":{"line":58,"column":26}},"9":{"start":{"line":61,"column":22},"end":{"line":80,"column":3}},"10":{"start":{"line":62,"column":4},"end":{"line":79,"column":6}},"11":{"start":{"line":63,"column":6},"end":{"line":65,"column":7}},"12":{"start":{"line":64,"column":8},"end":{"line":64,"column":20}},"13":{"start":{"line":66,"column":6},"end":{"line":78,"column":7}},"14":{"start":{"line":83,"column":2},"end":{"line":93,"column":3}},"15":{"start":{"line":84,"column":4},"end":{"line":87,"column":5}},"16":{"start":{"line":88,"column":9},"end":{"line":93,"column":3}},"17":{"start":{"line":89,"column":4},"end":{"line":92,"column":5}},"18":{"start":{"line":95,"column":2},"end":{"line":232,"column":3}},"19":{"start":{"line":171,"column":31},"end":{"line":171,"column":59}},"20":{"start":{"line":235,"column":0},"end":{"line":237,"column":1}},"21":{"start":{"line":239,"column":0},"end":{"line":254,"column":1}}},"fnMap":{"0":{"name":"(anonymous_0)","decl":{"start":{"line":47,"column":16},"end":{"line":47,"column":17}},"loc":{"start":{"line":47,"column":27},"end":{"line":233,"column":1}},"line":47},"1":{"name":"(anonymous_1)","decl":{"start":{"line":53,"column":25},"end":{"line":53,"column":26}},"loc":{"start":{"line":53,"column":31},"end":{"line":55,"column":3}},"line":53},"2":{"name":"(anonymous_2)","decl":{"start":{"line":54,"column":20},"end":{"line":54,"column":21}},"loc":{"start":{"line":54,"column":30},"end":{"line":54,"column":35}},"line":54},"3":{"name":"(anonymous_3)","decl":{"start":{"line":57,"column":24},"end":{"line":57,"column":25}},"loc":{"start":{"line":57,"column":30},"end":{"line":59,"column":3}},"line":57},"4":{"name":"(anonymous_4)","decl":{"start":{"line":61,"column":22},"end":{"line":61,"column":23}},"loc":{"start":{"line":61,"column":34},"end":{"line":80,"column":3}},"line":61},"5":{"name":"(anonymous_5)","decl":{"start":{"line":62,"column":22},"end":{"line":62,"column":23}},"loc":{"start":{"line":62,"column":37},"end":{"line":79,"column":5}},"line":62},"6":{"name":"(anonymous_6)","decl":{"start":{"line":171,"column":25},"end":{"line":171,"column":26}},"loc":{"start":{"line":171,"column":31},"end":{"line":171,"column":59}},"line":171}},"branchMap":{"0":{"loc":{"start":{"line":63,"column":6},"end":{"line":65,"column":7}},"type":"if","locations":[{"start":{"line":63,"column":6},"end":{"line":65,"column":7}},{"start":{},"end":{}}],"line":63},"1":{"loc":{"start":{"line":83,"column":2},"end":{"line":93,"column":3}},"type":"if","locations":[{"start":{"line":83,"column":2},"end":{"line":93,"column":3}},{"start":{"line":88,"column":9},"end":{"line":93,"column":3}}],"line":83},"2":{"loc":{"start":{"line":83,"column":6},"end":{"line":83,"column":28}},"type":"binary-expr","locations":[{"start":{"line":83,"column":6},"end":{"line":83,"column":10}},{"start":{"line":83,"column":14},"end":{"line":83,"column":28}}],"line":83},"3":{"loc":{"start":{"line":88,"column":9},"end":{"line":93,"column":3}},"type":"if","locations":[{"start":{"line":88,"column":9},"end":{"line":93,"column":3}},{"start":{},"end":{}}],"line":88},"4":{"loc":{"start":{"line":88,"column":13},"end":{"line":88,"column":36}},"type":"binary-expr","locations":[{"start":{"line":88,"column":13},"end":{"line":88,"column":17}},{"start":{"line":88,"column":21},"end":{"line":88,"column":36}}],"line":88},"5":{"loc":{"start":{"line":111,"column":9},"end":{"line":119,"column":16}},"type":"cond-expr","locations":[{"start":{"line":112,"column":10},"end":{"line":118,"column":24}},{"start":{"line":119,"column":12},"end":{"line":119,"column":16}}],"line":111},"6":{"loc":{"start":{"line":184,"column":15},"end":{"line":196,"column":22}},"type":"cond-expr","locations":[{"start":{"line":185,"column":16},"end":{"line":195,"column":22}},{"start":{"line":196,"column":18},"end":{"line":196,"column":22}}],"line":184},"7":{"loc":{"start":{"line":186,"column":19},"end":{"line":194,"column":19}},"type":"cond-expr","locations":[{"start":{"line":187,"column":20},"end":{"line":189,"column":27}},{"start":{"line":191,"column":20},"end":{"line":193,"column":24}}],"line":186}},"s":{"0":0,"1":0,"2":0,"3":0,"4":0,"5":0,"6":0,"7":0,"8":0,"9":0,"10":0,"11":0,"12":0,"13":0,"14":0,"15":0,"16":0,"17":0,"18":0,"19":0,"20":0,"21":0},"f":{"0":0,"1":0,"2":0,"3":0,"4":0,"5":0,"6":0},"b":{"0":[0,0],"1":[0,0],"2":[0,0],"3":[0,0],"4":[0,0],"5":[0,0],"6":[0,0],"7":[0,0]}}
,"C:\\Users\\Teodora\\Documents\\GitHub\\MyDoctor\\website\\src\\context\\UserContext.js": {"path":"C:\\Users\\Teodora\\Documents\\GitHub\\MyDoctor\\website\\src\\context\\UserContext.js","statementMap":{"0":{"start":{"line":11,"column":20},"end":{"line":11,"column":35}},"1":{"start":{"line":13,"column":28},"end":{"line":51,"column":1}},"2":{"start":{"line":15,"column":26},"end":{"line":15,"column":40}},"3":{"start":{"line":17,"column":2},"end":{"line":19,"column":8}},"4":{"start":{"line":18,"column":4},"end":{"line":18,"column":21}},"5":{"start":{"line":21,"column":16},"end":{"line":23,"column":8}},"6":{"start":{"line":22,"column":4},"end":{"line":22,"column":21}},"7":{"start":{"line":25,"column":17},"end":{"line":27,"column":8}},"8":{"start":{"line":26,"column":4},"end":{"line":26,"column":17}},"9":{"start":{"line":29,"column":26},"end":{"line":35,"column":3}},"10":{"start":{"line":30,"column":20},"end":{"line":30,"column":48}},"11":{"start":{"line":31,"column":4},"end":{"line":34,"column":5}},"12":{"start":{"line":32,"column":6},"end":{"line":32,"column":39}},"13":{"start":{"line":33,"column":6},"end":{"line":33,"column":24}},"14":{"start":{"line":38,"column":23},"end":{"line":45,"column":3}},"15":{"start":{"line":39,"column":11},"end":{"line":43,"column":5}},"16":{"start":{"line":47,"column":2},"end":{"line":50,"column":3}},"17":{"start":{"line":53,"column":23},"end":{"line":63,"column":1}},"18":{"start":{"line":55,"column":18},"end":{"line":55,"column":41}},"19":{"start":{"line":58,"column":2},"end":{"line":60,"column":3}},"20":{"start":{"line":59,"column":4},"end":{"line":59,"column":70}},"21":{"start":{"line":62,"column":2},"end":{"line":62,"column":16}}},"fnMap":{"0":{"name":"(anonymous_0)","decl":{"start":{"line":13,"column":28},"end":{"line":13,"column":29}},"loc":{"start":{"line":13,"column":46},"end":{"line":51,"column":1}},"line":13},"1":{"name":"(anonymous_1)","decl":{"start":{"line":17,"column":12},"end":{"line":17,"column":13}},"loc":{"start":{"line":17,"column":18},"end":{"line":19,"column":3}},"line":17},"2":{"name":"(anonymous_2)","decl":{"start":{"line":21,"column":28},"end":{"line":21,"column":29}},"loc":{"start":{"line":21,"column":34},"end":{"line":23,"column":3}},"line":21},"3":{"name":"(anonymous_3)","decl":{"start":{"line":25,"column":29},"end":{"line":25,"column":30}},"loc":{"start":{"line":25,"column":35},"end":{"line":27,"column":3}},"line":25},"4":{"name":"(anonymous_4)","decl":{"start":{"line":29,"column":26},"end":{"line":29,"column":27}},"loc":{"start":{"line":29,"column":32},"end":{"line":35,"column":3}},"line":29},"5":{"name":"(anonymous_5)","decl":{"start":{"line":39,"column":4},"end":{"line":39,"column":5}},"loc":{"start":{"line":39,"column":11},"end":{"line":43,"column":5}},"line":39},"6":{"name":"(anonymous_6)","decl":{"start":{"line":53,"column":23},"end":{"line":53,"column":24}},"loc":{"start":{"line":53,"column":29},"end":{"line":63,"column":1}},"line":53}},"branchMap":{"0":{"loc":{"start":{"line":31,"column":4},"end":{"line":34,"column":5}},"type":"if","locations":[{"start":{"line":31,"column":4},"end":{"line":34,"column":5}},{"start":{},"end":{}}],"line":31},"1":{"loc":{"start":{"line":31,"column":8},"end":{"line":31,"column":50}},"type":"binary-expr","locations":[{"start":{"line":31,"column":8},"end":{"line":31,"column":17}},{"start":{"line":31,"column":21},"end":{"line":31,"column":50}}],"line":31},"2":{"loc":{"start":{"line":58,"column":2},"end":{"line":60,"column":3}},"type":"if","locations":[{"start":{"line":58,"column":2},"end":{"line":60,"column":3}},{"start":{},"end":{}}],"line":58}},"s":{"0":0,"1":0,"2":0,"3":0,"4":0,"5":0,"6":0,"7":0,"8":0,"9":0,"10":0,"11":0,"12":0,"13":0,"14":0,"15":0,"16":0,"17":0,"18":0,"19":0,"20":0,"21":0},"f":{"0":0,"1":0,"2":0,"3":0,"4":0,"5":0,"6":0},"b":{"0":[0,0],"1":[0,0],"2":[0,0]}}
,"C:\\Users\\Teodora\\Documents\\GitHub\\MyDoctor\\website\\src\\layouts\\Admin.js": {"path":"C:\\Users\\Teodora\\Documents\\GitHub\\MyDoctor\\website\\src\\layouts\\Admin.js","statementMap":{"0":{"start":{"line":30,"column":14},"end":{"line":117,"column":1}},"1":{"start":{"line":31,"column":28},"end":{"line":31,"column":40}},"2":{"start":{"line":32,"column":19},"end":{"line":32,"column":35}},"3":{"start":{"line":33,"column":18},"end":{"line":33,"column":30}},"4":{"start":{"line":35,"column":22},"end":{"line":35,"column":40}},"5":{"start":{"line":36,"column":19},"end":{"line":36,"column":32}},"6":{"start":{"line":38,"column":2},"end":{"line":55,"column":21}},"7":{"start":{"line":39,"column":4},"end":{"line":54,"column":5}},"8":{"start":{"line":40,"column":6},"end":{"line":53,"column":7}},"9":{"start":{"line":42,"column":10},"end":{"line":42,"column":32}},"10":{"start":{"line":43,"column":10},"end":{"line":43,"column":15}},"11":{"start":{"line":45,"column":10},"end":{"line":45,"column":33}},"12":{"start":{"line":46,"column":10},"end":{"line":46,"column":15}},"13":{"start":{"line":48,"column":10},"end":{"line":48,"column":34}},"14":{"start":{"line":49,"column":10},"end":{"line":49,"column":15}},"15":{"start":{"line":51,"column":10},"end":{"line":51,"column":34}},"16":{"start":{"line":52,"column":10},"end":{"line":52,"column":15}},"17":{"start":{"line":57,"column":2},"end":{"line":61,"column":16}},"18":{"start":{"line":58,"column":4},"end":{"line":58,"column":42}},"19":{"start":{"line":59,"column":4},"end":{"line":59,"column":43}},"20":{"start":{"line":60,"column":4},"end":{"line":60,"column":37}},"21":{"start":{"line":63,"column":20},"end":{"line":77,"column":3}},"22":{"start":{"line":64,"column":4},"end":{"line":76,"column":6}},"23":{"start":{"line":65,"column":6},"end":{"line":75,"column":7}},"24":{"start":{"line":66,"column":8},"end":{"line":72,"column":9}},"25":{"start":{"line":74,"column":8},"end":{"line":74,"column":19}},"26":{"start":{"line":79,"column":23},"end":{"line":89,"column":3}},"27":{"start":{"line":80,"column":4},"end":{"line":87,"column":5}},"28":{"start":{"line":80,"column":17},"end":{"line":80,"column":18}},"29":{"start":{"line":81,"column":6},"end":{"line":86,"column":7}},"30":{"start":{"line":85,"column":8},"end":{"line":85,"column":28}},"31":{"start":{"line":88,"column":4},"end":{"line":88,"column":18}},"32":{"start":{"line":91,"column":2},"end":{"line":116,"column":3}}},"fnMap":{"0":{"name":"(anonymous_0)","decl":{"start":{"line":30,"column":14},"end":{"line":30,"column":15}},"loc":{"start":{"line":30,"column":25},"end":{"line":117,"column":1}},"line":30},"1":{"name":"(anonymous_1)","decl":{"start":{"line":38,"column":12},"end":{"line":38,"column":13}},"loc":{"start":{"line":38,"column":18},"end":{"line":55,"column":3}},"line":38},"2":{"name":"(anonymous_2)","decl":{"start":{"line":57,"column":18},"end":{"line":57,"column":19}},"loc":{"start":{"line":57,"column":24},"end":{"line":61,"column":3}},"line":57},"3":{"name":"(anonymous_3)","decl":{"start":{"line":63,"column":20},"end":{"line":63,"column":21}},"loc":{"start":{"line":63,"column":33},"end":{"line":77,"column":3}},"line":63},"4":{"name":"(anonymous_4)","decl":{"start":{"line":64,"column":23},"end":{"line":64,"column":24}},"loc":{"start":{"line":64,"column":38},"end":{"line":76,"column":5}},"line":64},"5":{"name":"(anonymous_5)","decl":{"start":{"line":79,"column":23},"end":{"line":79,"column":24}},"loc":{"start":{"line":79,"column":33},"end":{"line":89,"column":3}},"line":79}},"branchMap":{"0":{"loc":{"start":{"line":39,"column":4},"end":{"line":54,"column":5}},"type":"if","locations":[{"start":{"line":39,"column":4},"end":{"line":54,"column":5}},{"start":{},"end":{}}],"line":39},"1":{"loc":{"start":{"line":39,"column":8},"end":{"line":39,"column":23}},"type":"binary-expr","locations":[{"start":{"line":39,"column":8},"end":{"line":39,"column":12}},{"start":{"line":39,"column":16},"end":{"line":39,"column":23}}],"line":39},"2":{"loc":{"start":{"line":40,"column":6},"end":{"line":53,"column":7}},"type":"switch","locations":[{"start":{"line":41,"column":8},"end":{"line":43,"column":15}},{"start":{"line":44,"column":8},"end":{"line":46,"column":15}},{"start":{"line":47,"column":8},"end":{"line":49,"column":15}},{"start":{"line":50,"column":8},"end":{"line":52,"column":15}}],"line":40},"3":{"loc":{"start":{"line":65,"column":6},"end":{"line":75,"column":7}},"type":"if","locations":[{"start":{"line":65,"column":6},"end":{"line":75,"column":7}},{"start":{"line":73,"column":13},"end":{"line":75,"column":7}}],"line":65},"4":{"loc":{"start":{"line":81,"column":6},"end":{"line":86,"column":7}},"type":"if","locations":[{"start":{"line":81,"column":6},"end":{"line":86,"column":7}},{"start":{},"end":{}}],"line":81}},"s":{"0":0,"1":0,"2":0,"3":0,"4":0,"5":0,"6":0,"7":0,"8":0,"9":0,"10":0,"11":0,"12":0,"13":0,"14":0,"15":0,"16":0,"17":0,"18":0,"19":0,"20":0,"21":0,"22":0,"23":0,"24":0,"25":0,"26":0,"27":0,"28":0,"29":0,"30":0,"31":0,"32":0},"f":{"0":0,"1":0,"2":0,"3":0,"4":0,"5":0},"b":{"0":[0,0],"1":[0,0],"2":[0,0,0,0],"3":[0,0],"4":[0,0]}}
,"C:\\Users\\Teodora\\Documents\\GitHub\\MyDoctor\\website\\src\\layouts\\Auth.js": {"path":"C:\\Users\\Teodora\\Documents\\GitHub\\MyDoctor\\website\\src\\layouts\\Auth.js","statementMap":{"0":{"start":{"line":29,"column":13},"end":{"line":107,"column":1}},"1":{"start":{"line":30,"column":22},"end":{"line":30,"column":40}},"2":{"start":{"line":31,"column":19},"end":{"line":31,"column":32}},"3":{"start":{"line":33,"column":2},"end":{"line":38,"column":9}},"4":{"start":{"line":34,"column":4},"end":{"line":34,"column":46}},"5":{"start":{"line":35,"column":4},"end":{"line":37,"column":6}},"6":{"start":{"line":36,"column":6},"end":{"line":36,"column":51}},"7":{"start":{"line":39,"column":2},"end":{"line":43,"column":17}},"8":{"start":{"line":40,"column":4},"end":{"line":40,"column":43}},"9":{"start":{"line":41,"column":4},"end":{"line":41,"column":44}},"10":{"start":{"line":42,"column":4},"end":{"line":42,"column":38}},"11":{"start":{"line":45,"column":20},"end":{"line":59,"column":3}},"12":{"start":{"line":46,"column":4},"end":{"line":58,"column":7}},"13":{"start":{"line":47,"column":6},"end":{"line":57,"column":7}},"14":{"start":{"line":48,"column":8},"end":{"line":54,"column":10}},"15":{"start":{"line":56,"column":8},"end":{"line":56,"column":20}},"16":{"start":{"line":61,"column":2},"end":{"line":106,"column":4}}},"fnMap":{"0":{"name":"(anonymous_0)","decl":{"start":{"line":29,"column":13},"end":{"line":29,"column":14}},"loc":{"start":{"line":29,"column":24},"end":{"line":107,"column":1}},"line":29},"1":{"name":"(anonymous_1)","decl":{"start":{"line":33,"column":18},"end":{"line":33,"column":19}},"loc":{"start":{"line":33,"column":24},"end":{"line":38,"column":3}},"line":33},"2":{"name":"(anonymous_2)","decl":{"start":{"line":35,"column":11},"end":{"line":35,"column":12}},"loc":{"start":{"line":35,"column":17},"end":{"line":37,"column":5}},"line":35},"3":{"name":"(anonymous_3)","decl":{"start":{"line":39,"column":18},"end":{"line":39,"column":19}},"loc":{"start":{"line":39,"column":24},"end":{"line":43,"column":3}},"line":39},"4":{"name":"(anonymous_4)","decl":{"start":{"line":45,"column":20},"end":{"line":45,"column":21}},"loc":{"start":{"line":45,"column":32},"end":{"line":59,"column":3}},"line":45},"5":{"name":"(anonymous_5)","decl":{"start":{"line":46,"column":30},"end":{"line":46,"column":31}},"loc":{"start":{"line":46,"column":45},"end":{"line":58,"column":5}},"line":46}},"branchMap":{"0":{"loc":{"start":{"line":47,"column":6},"end":{"line":57,"column":7}},"type":"if","locations":[{"start":{"line":47,"column":6},"end":{"line":57,"column":7}},{"start":{"line":55,"column":13},"end":{"line":57,"column":7}}],"line":47}},"s":{"0":0,"1":0,"2":0,"3":0,"4":0,"5":0,"6":0,"7":0,"8":0,"9":0,"10":0,"11":0,"12":0,"13":0,"14":0,"15":0,"16":0},"f":{"0":0,"1":0,"2":0,"3":0,"4":0,"5":0},"b":{"0":[0,0]}}
,"C:\\Users\\Teodora\\Documents\\GitHub\\MyDoctor\\website\\src\\variables\\charts.js": {"path":"C:\\Users\\Teodora\\Documents\\GitHub\\MyDoctor\\website\\src\\variables\\charts.js","statementMap":{"0":{"start":{"line":18,"column":14},"end":{"line":18,"column":33}},"1":{"start":{"line":24,"column":0},"end":{"line":147,"column":2}},"2":{"start":{"line":25,"column":12},"end":{"line":25,"column":27}},"3":{"start":{"line":26,"column":11},"end":{"line":26,"column":21}},"4":{"start":{"line":28,"column":20},"end":{"line":28,"column":34}},"5":{"start":{"line":31,"column":21},"end":{"line":31,"column":22}},"6":{"start":{"line":33,"column":2},"end":{"line":51,"column":3}},"7":{"start":{"line":35,"column":4},"end":{"line":35,"column":31}},"8":{"start":{"line":36,"column":4},"end":{"line":36,"column":32}},"9":{"start":{"line":37,"column":4},"end":{"line":37,"column":15}},"10":{"start":{"line":38,"column":4},"end":{"line":38,"column":21}},"11":{"start":{"line":39,"column":4},"end":{"line":39,"column":14}},"12":{"start":{"line":40,"column":4},"end":{"line":40,"column":34}},"13":{"start":{"line":41,"column":4},"end":{"line":41,"column":49}},"14":{"start":{"line":44,"column":4},"end":{"line":44,"column":19}},"15":{"start":{"line":45,"column":4},"end":{"line":45,"column":17}},"16":{"start":{"line":46,"column":4},"end":{"line":46,"column":31}},"17":{"start":{"line":47,"column":4},"end":{"line":47,"column":34}},"18":{"start":{"line":48,"column":4},"end":{"line":48,"column":34}},"19":{"start":{"line":49,"column":4},"end":{"line":49,"column":14}},"20":{"start":{"line":50,"column":4},"end":{"line":50,"column":47}},"21":{"start":{"line":55,"column":2},"end":{"line":77,"column":3}},"22":{"start":{"line":57,"column":18},"end":{"line":57,"column":74}},"23":{"start":{"line":58,"column":4},"end":{"line":58,"column":64}},"24":{"start":{"line":59,"column":21},"end":{"line":59,"column":36}},"25":{"start":{"line":61,"column":21},"end":{"line":61,"column":79}},"26":{"start":{"line":63,"column":6},"end":{"line":63,"column":67}},"27":{"start":{"line":64,"column":20},"end":{"line":64,"column":76}},"28":{"start":{"line":66,"column":6},"end":{"line":66,"column":69}},"29":{"start":{"line":68,"column":4},"end":{"line":71,"column":5}},"30":{"start":{"line":69,"column":6},"end":{"line":69,"column":22}},"31":{"start":{"line":70,"column":6},"end":{"line":70,"column":28}},"32":{"start":{"line":73,"column":4},"end":{"line":76,"column":5}},"33":{"start":{"line":74,"column":6},"end":{"line":74,"column":24}},"34":{"start":{"line":75,"column":6},"end":{"line":75,"column":26}},"35":{"start":{"line":79,"column":2},"end":{"line":79,"column":18}},"36":{"start":{"line":80,"column":2},"end":{"line":80,"column":37}},"37":{"start":{"line":81,"column":2},"end":{"line":81,"column":35}},"38":{"start":{"line":82,"column":2},"end":{"line":82,"column":30}},"39":{"start":{"line":87,"column":16},"end":{"line":92,"column":3}},"40":{"start":{"line":95,"column":16},"end":{"line":95,"column":50}},"41":{"start":{"line":96,"column":20},"end":{"line":96,"column":53}},"42":{"start":{"line":97,"column":2},"end":{"line":99,"column":3}},"43":{"start":{"line":98,"column":4},"end":{"line":98,"column":20}},"44":{"start":{"line":102,"column":4},"end":{"line":102,"column":46}},"45":{"start":{"line":106,"column":15},"end":{"line":106,"column":26}},"46":{"start":{"line":107,"column":2},"end":{"line":107,"column":35}},"47":{"start":{"line":109,"column":2},"end":{"line":141,"column":3}},"48":{"start":{"line":109,"column":15},"end":{"line":109,"column":16}},"49":{"start":{"line":110,"column":4},"end":{"line":110,"column":25}},"50":{"start":{"line":111,"column":23},"end":{"line":111,"column":28}},"51":{"start":{"line":112,"column":4},"end":{"line":114,"column":5}},"52":{"start":{"line":113,"column":6},"end":{"line":113,"column":23}},"53":{"start":{"line":117,"column":16},"end":{"line":117,"column":45}},"54":{"start":{"line":118,"column":17},"end":{"line":118,"column":46}},"55":{"start":{"line":119,"column":12},"end":{"line":119,"column":25}},"56":{"start":{"line":120,"column":12},"end":{"line":120,"column":25}},"57":{"start":{"line":122,"column":17},"end":{"line":122,"column":29}},"58":{"start":{"line":125,"column":4},"end":{"line":127,"column":5}},"59":{"start":{"line":126,"column":6},"end":{"line":126,"column":26}},"60":{"start":{"line":128,"column":4},"end":{"line":130,"column":5}},"61":{"start":{"line":129,"column":6},"end":{"line":129,"column":25}},"62":{"start":{"line":132,"column":4},"end":{"line":132,"column":30}},"63":{"start":{"line":133,"column":4},"end":{"line":133,"column":38}},"64":{"start":{"line":134,"column":4},"end":{"line":134,"column":62}},"65":{"start":{"line":135,"column":4},"end":{"line":135,"column":47}},"66":{"start":{"line":136,"column":4},"end":{"line":136,"column":80}},"67":{"start":{"line":137,"column":4},"end":{"line":137,"column":39}},"68":{"start":{"line":138,"column":4},"end":{"line":138,"column":64}},"69":{"start":{"line":139,"column":4},"end":{"line":139,"column":30}},"70":{"start":{"line":140,"column":4},"end":{"line":140,"column":46}},"71":{"start":{"line":143,"column":2},"end":{"line":143,"column":13}},"72":{"start":{"line":144,"column":2},"end":{"line":146,"column":3}},"73":{"start":{"line":145,"column":4},"end":{"line":145,"column":17}},"74":{"start":{"line":149,"column":11},"end":{"line":149,"column":18}},"75":{"start":{"line":150,"column":12},"end":{"line":152,"column":1}},"76":{"start":{"line":155,"column":13},"end":{"line":179,"column":1}},"77":{"start":{"line":186,"column":16},"end":{"line":255,"column":3}},"78":{"start":{"line":236,"column":21},"end":{"line":236,"column":31}},"79":{"start":{"line":237,"column":24},"end":{"line":237,"column":26}},"80":{"start":{"line":239,"column":10},"end":{"line":249,"column":13}},"81":{"start":{"line":240,"column":26},"end":{"line":240,"column":65}},"82":{"start":{"line":242,"column":12},"end":{"line":242,"column":58}},"83":{"start":{"line":243,"column":12},"end":{"line":246,"column":23}},"84":{"start":{"line":247,"column":12},"end":{"line":247,"column":29}},"85":{"start":{"line":248,"column":12},"end":{"line":248,"column":33}},"86":{"start":{"line":251,"column":10},"end":{"line":251,"column":25}},"87":{"start":{"line":258,"column":2},"end":{"line":280,"column":5}},"88":{"start":{"line":275,"column":8},"end":{"line":277,"column":9}},"89":{"start":{"line":276,"column":10},"end":{"line":276,"column":23}},"90":{"start":{"line":283,"column":2},"end":{"line":292,"column":5}},"91":{"start":{"line":294,"column":2},"end":{"line":294,"column":17}},"92":{"start":{"line":299,"column":2},"end":{"line":305,"column":3}},"93":{"start":{"line":300,"column":4},"end":{"line":304,"column":5}},"94":{"start":{"line":301,"column":6},"end":{"line":301,"column":35}},"95":{"start":{"line":303,"column":6},"end":{"line":303,"column":48}},"96":{"start":{"line":309,"column":20},"end":{"line":367,"column":1}},"97":{"start":{"line":320,"column":14},"end":{"line":322,"column":15}},"98":{"start":{"line":321,"column":16},"end":{"line":321,"column":41}},"99":{"start":{"line":331,"column":22},"end":{"line":331,"column":66}},"100":{"start":{"line":332,"column":23},"end":{"line":332,"column":34}},"101":{"start":{"line":333,"column":24},"end":{"line":333,"column":26}},"102":{"start":{"line":335,"column":10},"end":{"line":337,"column":11}},"103":{"start":{"line":336,"column":12},"end":{"line":336,"column":29}},"104":{"start":{"line":339,"column":10},"end":{"line":339,"column":40}},"105":{"start":{"line":340,"column":10},"end":{"line":340,"column":25}},"106":{"start":{"line":346,"column":4},"end":{"line":354,"column":6}},"107":{"start":{"line":357,"column":4},"end":{"line":365,"column":6}},"108":{"start":{"line":370,"column":20},"end":{"line":411,"column":1}},"109":{"start":{"line":377,"column":14},"end":{"line":380,"column":15}},"110":{"start":{"line":379,"column":16},"end":{"line":379,"column":29}},"111":{"start":{"line":389,"column":22},"end":{"line":389,"column":66}},"112":{"start":{"line":390,"column":23},"end":{"line":390,"column":34}},"113":{"start":{"line":391,"column":24},"end":{"line":391,"column":26}},"114":{"start":{"line":392,"column":10},"end":{"line":394,"column":11}},"115":{"start":{"line":393,"column":12},"end":{"line":393,"column":29}},"116":{"start":{"line":395,"column":10},"end":{"line":395,"column":28}},"117":{"start":{"line":396,"column":10},"end":{"line":396,"column":25}},"118":{"start":{"line":413,"column":0},"end":{"line":418,"column":2}}},"fnMap":{"0":{"name":"(anonymous_0)","decl":{"start":{"line":24,"column":42},"end":{"line":24,"column":43}},"loc":{"start":{"line":24,"column":54},"end":{"line":147,"column":1}},"line":24},"1":{"name":"cornerAt","decl":{"start":{"line":101,"column":11},"end":{"line":101,"column":19}},"loc":{"start":{"line":101,"column":27},"end":{"line":103,"column":3}},"line":101},"2":{"name":"chartOptions","decl":{"start":{"line":184,"column":9},"end":{"line":184,"column":21}},"loc":{"start":{"line":184,"column":24},"end":{"line":295,"column":1}},"line":184},"3":{"name":"(anonymous_3)","decl":{"start":{"line":235,"column":24},"end":{"line":235,"column":25}},"loc":{"start":{"line":235,"column":41},"end":{"line":252,"column":9}},"line":235},"4":{"name":"(anonymous_4)","decl":{"start":{"line":239,"column":30},"end":{"line":239,"column":31}},"loc":{"start":{"line":239,"column":54},"end":{"line":249,"column":11}},"line":239},"5":{"name":"(anonymous_5)","decl":{"start":{"line":274,"column":16},"end":{"line":274,"column":17}},"loc":{"start":{"line":274,"column":33},"end":{"line":278,"column":7}},"line":274},"6":{"name":"parseOptions","decl":{"start":{"line":298,"column":9},"end":{"line":298,"column":21}},"loc":{"start":{"line":298,"column":39},"end":{"line":306,"column":1}},"line":298},"7":{"name":"(anonymous_7)","decl":{"start":{"line":319,"column":22},"end":{"line":319,"column":23}},"loc":{"start":{"line":319,"column":39},"end":{"line":323,"column":13}},"line":319},"8":{"name":"(anonymous_8)","decl":{"start":{"line":330,"column":15},"end":{"line":330,"column":16}},"loc":{"start":{"line":330,"column":37},"end":{"line":341,"column":9}},"line":330},"9":{"name":"(anonymous_9)","decl":{"start":{"line":345,"column":9},"end":{"line":345,"column":10}},"loc":{"start":{"line":345,"column":21},"end":{"line":355,"column":3}},"line":345},"10":{"name":"(anonymous_10)","decl":{"start":{"line":356,"column":9},"end":{"line":356,"column":10}},"loc":{"start":{"line":356,"column":21},"end":{"line":366,"column":3}},"line":356},"11":{"name":"(anonymous_11)","decl":{"start":{"line":376,"column":22},"end":{"line":376,"column":23}},"loc":{"start":{"line":376,"column":39},"end":{"line":381,"column":13}},"line":376},"12":{"name":"(anonymous_12)","decl":{"start":{"line":388,"column":15},"end":{"line":388,"column":16}},"loc":{"start":{"line":388,"column":37},"end":{"line":397,"column":9}},"line":388}},"branchMap":{"0":{"loc":{"start":{"line":33,"column":2},"end":{"line":51,"column":3}},"type":"if","locations":[{"start":{"line":33,"column":2},"end":{"line":51,"column":3}},{"start":{"line":42,"column":9},"end":{"line":51,"column":3}}],"line":33},"1":{"loc":{"start":{"line":40,"column":12},"end":{"line":40,"column":33}},"type":"cond-expr","locations":[{"start":{"line":40,"column":27},"end":{"line":40,"column":28}},{"start":{"line":40,"column":31},"end":{"line":40,"column":33}}],"line":40},"2":{"loc":{"start":{"line":41,"column":20},"end":{"line":41,"column":48}},"type":"binary-expr","locations":[{"start":{"line":41,"column":20},"end":{"line":41,"column":36}},{"start":{"line":41,"column":40},"end":{"line":41,"column":48}}],"line":41},"3":{"loc":{"start":{"line":48,"column":12},"end":{"line":48,"column":33}},"type":"cond-expr","locations":[{"start":{"line":48,"column":27},"end":{"line":48,"column":28}},{"start":{"line":48,"column":31},"end":{"line":48,"column":33}}],"line":48},"4":{"loc":{"start":{"line":50,"column":20},"end":{"line":50,"column":46}},"type":"binary-expr","locations":[{"start":{"line":50,"column":20},"end":{"line":50,"column":36}},{"start":{"line":50,"column":40},"end":{"line":50,"column":46}}],"line":50},"5":{"loc":{"start":{"line":55,"column":2},"end":{"line":77,"column":3}},"type":"if","locations":[{"start":{"line":55,"column":2},"end":{"line":77,"column":3}},{"start":{},"end":{}}],"line":55},"6":{"loc":{"start":{"line":58,"column":18},"end":{"line":58,"column":63}},"type":"cond-expr","locations":[{"start":{"line":58,"column":42},"end":{"line":58,"column":49}},{"start":{"line":58,"column":52},"end":{"line":58,"column":63}}],"line":58},"7":{"loc":{"start":{"line":61,"column":29},"end":{"line":61,"column":78}},"type":"cond-expr","locations":[{"start":{"line":61,"column":56},"end":{"line":61,"column":74}},{"start":{"line":61,"column":77},"end":{"line":61,"column":78}}],"line":61},"8":{"loc":{"start":{"line":63,"column":15},"end":{"line":63,"column":66}},"type":"cond-expr","locations":[{"start":{"line":63,"column":43},"end":{"line":63,"column":62}},{"start":{"line":63,"column":65},"end":{"line":63,"column":66}}],"line":63},"9":{"loc":{"start":{"line":64,"column":27},"end":{"line":64,"column":75}},"type":"cond-expr","locations":[{"start":{"line":64,"column":53},"end":{"line":64,"column":71}},{"start":{"line":64,"column":74},"end":{"line":64,"column":75}}],"line":64},"10":{"loc":{"start":{"line":66,"column":16},"end":{"line":66,"column":68}},"type":"cond-expr","locations":[{"start":{"line":66,"column":45},"end":{"line":66,"column":64}},{"start":{"line":66,"column":67},"end":{"line":66,"column":68}}],"line":66},"11":{"loc":{"start":{"line":68,"column":4},"end":{"line":71,"column":5}},"type":"if","locations":[{"start":{"line":68,"column":4},"end":{"line":71,"column":5}},{"start":{},"end":{}}],"line":68},"12":{"loc":{"start":{"line":73,"column":4},"end":{"line":76,"column":5}},"type":"if","locations":[{"start":{"line":73,"column":4},"end":{"line":76,"column":5}},{"start":{},"end":{}}],"line":73},"13":{"loc":{"start":{"line":97,"column":2},"end":{"line":99,"column":3}},"type":"if","locations":[{"start":{"line":97,"column":2},"end":{"line":99,"column":3}},{"start":{},"end":{}}],"line":97},"14":{"loc":{"start":{"line":112,"column":4},"end":{"line":114,"column":5}},"type":"if","locations":[{"start":{"line":112,"column":4},"end":{"line":114,"column":5}},{"start":{},"end":{}}],"line":112},"15":{"loc":{"start":{"line":125,"column":4},"end":{"line":127,"column":5}},"type":"if","locations":[{"start":{"line":125,"column":4},"end":{"line":127,"column":5}},{"start":{},"end":{}}],"line":125},"16":{"loc":{"start":{"line":128,"column":4},"end":{"line":130,"column":5}},"type":"if","locations":[{"start":{"line":128,"column":4},"end":{"line":130,"column":5}},{"start":{},"end":{}}],"line":128},"17":{"loc":{"start":{"line":144,"column":2},"end":{"line":146,"column":3}},"type":"if","locations":[{"start":{"line":144,"column":2},"end":{"line":146,"column":3}},{"start":{},"end":{}}],"line":144},"18":{"loc":{"start":{"line":191,"column":22},"end":{"line":191,"column":75}},"type":"cond-expr","locations":[{"start":{"line":191,"column":40},"end":{"line":191,"column":56}},{"start":{"line":191,"column":59},"end":{"line":191,"column":75}}],"line":191},"19":{"loc":{"start":{"line":192,"column":26},"end":{"line":192,"column":79}},"type":"cond-expr","locations":[{"start":{"line":192,"column":44},"end":{"line":192,"column":60}},{"start":{"line":192,"column":63},"end":{"line":192,"column":79}}],"line":192},"20":{"loc":{"start":{"line":223,"column":25},"end":{"line":223,"column":74}},"type":"cond-expr","locations":[{"start":{"line":223,"column":43},"end":{"line":223,"column":59}},{"start":{"line":223,"column":62},"end":{"line":223,"column":74}}],"line":223},"21":{"loc":{"start":{"line":262,"column":13},"end":{"line":262,"column":66}},"type":"cond-expr","locations":[{"start":{"line":262,"column":31},"end":{"line":262,"column":47}},{"start":{"line":262,"column":50},"end":{"line":262,"column":66}}],"line":262},"22":{"loc":{"start":{"line":267,"column":21},"end":{"line":267,"column":74}},"type":"cond-expr","locations":[{"start":{"line":267,"column":39},"end":{"line":267,"column":55}},{"start":{"line":267,"column":58},"end":{"line":267,"column":74}}],"line":267},"23":{"loc":{"start":{"line":275,"column":8},"end":{"line":277,"column":9}},"type":"if","locations":[{"start":{"line":275,"column":8},"end":{"line":277,"column":9}},{"start":{},"end":{}}],"line":275},"24":{"loc":{"start":{"line":300,"column":4},"end":{"line":304,"column":5}},"type":"if","locations":[{"start":{"line":300,"column":4},"end":{"line":304,"column":5}},{"start":{"line":302,"column":11},"end":{"line":304,"column":5}}],"line":300},"25":{"loc":{"start":{"line":320,"column":14},"end":{"line":322,"column":15}},"type":"if","locations":[{"start":{"line":320,"column":14},"end":{"line":322,"column":15}},{"start":{},"end":{}}],"line":320},"26":{"loc":{"start":{"line":331,"column":22},"end":{"line":331,"column":66}},"type":"binary-expr","locations":[{"start":{"line":331,"column":22},"end":{"line":331,"column":60}},{"start":{"line":331,"column":64},"end":{"line":331,"column":66}}],"line":331},"27":{"loc":{"start":{"line":335,"column":10},"end":{"line":337,"column":11}},"type":"if","locations":[{"start":{"line":335,"column":10},"end":{"line":337,"column":11}},{"start":{},"end":{}}],"line":335},"28":{"loc":{"start":{"line":377,"column":14},"end":{"line":380,"column":15}},"type":"if","locations":[{"start":{"line":377,"column":14},"end":{"line":380,"column":15}},{"start":{},"end":{}}],"line":377},"29":{"loc":{"start":{"line":389,"column":22},"end":{"line":389,"column":66}},"type":"binary-expr","locations":[{"start":{"line":389,"column":22},"end":{"line":389,"column":60}},{"start":{"line":389,"column":64},"end":{"line":389,"column":66}}],"line":389},"30":{"loc":{"start":{"line":392,"column":10},"end":{"line":394,"column":11}},"type":"if","locations":[{"start":{"line":392,"column":10},"end":{"line":394,"column":11}},{"start":{},"end":{}}],"line":392}},"s":{"0":0,"1":0,"2":0,"3":0,"4":0,"5":0,"6":0,"7":0,"8":0,"9":0,"10":0,"11":0,"12":0,"13":0,"14":0,"15":0,"16":0,"17":0,"18":0,"19":0,"20":0,"21":0,"22":0,"23":0,"24":0,"25":0,"26":0,"27":0,"28":0,"29":0,"30":0,"31":0,"32":0,"33":0,"34":0,"35":0,"36":0,"37":0,"38":0,"39":0,"40":0,"41":0,"42":0,"43":0,"44":0,"45":0,"46":0,"47":0,"48":0,"49":0,"50":0,"51":0,"52":0,"53":0,"54":0,"55":0,"56":0,"57":0,"58":0,"59":0,"60":0,"61":0,"62":0,"63":0,"64":0,"65":0,"66":0,"67":0,"68":0,"69":0,"70":0,"71":0,"72":0,"73":0,"74":0,"75":0,"76":0,"77":0,"78":0,"79":0,"80":0,"81":0,"82":0,"83":0,"84":0,"85":0,"86":0,"87":0,"88":0,"89":0,"90":0,"91":0,"92":0,"93":0,"94":0,"95":0,"96":0,"97":0,"98":0,"99":0,"100":0,"101":0,"102":0,"103":0,"104":0,"105":0,"106":0,"107":0,"108":0,"109":0,"110":0,"111":0,"112":0,"113":0,"114":0,"115":0,"116":0,"117":0,"118":0},"f":{"0":0,"1":0,"2":0,"3":0,"4":0,"5":0,"6":0,"7":0,"8":0,"9":0,"10":0,"11":0,"12":0},"b":{"0":[0,0],"1":[0,0],"2":[0,0],"3":[0,0],"4":[0,0],"5":[0,0],"6":[0,0],"7":[0,0],"8":[0,0],"9":[0,0],"10":[0,0],"11":[0,0],"12":[0,0],"13":[0,0],"14":[0,0],"15":[0,0],"16":[0,0],"17":[0,0],"18":[0,0],"19":[0,0],"20":[0,0],"21":[0,0],"22":[0,0],"23":[0,0],"24":[0,0],"25":[0,0],"26":[0,0],"27":[0,0],"28":[0,0],"29":[0,0],"30":[0,0]}}
,"C:\\Users\\Teodora\\Documents\\GitHub\\MyDoctor\\website\\src\\views\\Index.js": {"path":"C:\\Users\\Teodora\\Documents\\GitHub\\MyDoctor\\website\\src\\views\\Index.js","statementMap":{"0":{"start":{"line":51,"column":14},"end":{"line":336,"column":1}},"1":{"start":{"line":52,"column":36},"end":{"line":52,"column":47}},"2":{"start":{"line":53,"column":52},"end":{"line":53,"column":69}},"3":{"start":{"line":55,"column":2},"end":{"line":57,"column":3}},"4":{"start":{"line":56,"column":4},"end":{"line":56,"column":40}},"5":{"start":{"line":59,"column":21},"end":{"line":63,"column":3}},"6":{"start":{"line":60,"column":4},"end":{"line":60,"column":23}},"7":{"start":{"line":61,"column":4},"end":{"line":61,"column":24}},"8":{"start":{"line":62,"column":4},"end":{"line":62,"column":41}},"9":{"start":{"line":64,"column":2},"end":{"line":335,"column":4}},"10":{"start":{"line":88,"column":42},"end":{"line":88,"column":58}},"11":{"start":{"line":101,"column":42},"end":{"line":101,"column":58}},"12":{"start":{"line":117,"column":46},"end":{"line":117,"column":60}},"13":{"start":{"line":159,"column":38},"end":{"line":159,"column":56}},"14":{"start":{"line":235,"column":38},"end":{"line":235,"column":56}}},"fnMap":{"0":{"name":"(anonymous_0)","decl":{"start":{"line":51,"column":14},"end":{"line":51,"column":15}},"loc":{"start":{"line":51,"column":25},"end":{"line":336,"column":1}},"line":51},"1":{"name":"(anonymous_1)","decl":{"start":{"line":59,"column":21},"end":{"line":59,"column":22}},"loc":{"start":{"line":59,"column":35},"end":{"line":63,"column":3}},"line":59},"2":{"name":"(anonymous_2)","decl":{"start":{"line":88,"column":35},"end":{"line":88,"column":36}},"loc":{"start":{"line":88,"column":42},"end":{"line":88,"column":58}},"line":88},"3":{"name":"(anonymous_3)","decl":{"start":{"line":101,"column":35},"end":{"line":101,"column":36}},"loc":{"start":{"line":101,"column":42},"end":{"line":101,"column":58}},"line":101},"4":{"name":"(anonymous_4)","decl":{"start":{"line":117,"column":39},"end":{"line":117,"column":40}},"loc":{"start":{"line":117,"column":46},"end":{"line":117,"column":60}},"line":117},"5":{"name":"(anonymous_5)","decl":{"start":{"line":159,"column":31},"end":{"line":159,"column":32}},"loc":{"start":{"line":159,"column":38},"end":{"line":159,"column":56}},"line":159},"6":{"name":"(anonymous_6)","decl":{"start":{"line":235,"column":31},"end":{"line":235,"column":32}},"loc":{"start":{"line":235,"column":38},"end":{"line":235,"column":56}},"line":235}},"branchMap":{"0":{"loc":{"start":{"line":55,"column":2},"end":{"line":57,"column":3}},"type":"if","locations":[{"start":{"line":55,"column":2},"end":{"line":57,"column":3}},{"start":{},"end":{}}],"line":55}},"s":{"0":0,"1":0,"2":0,"3":0,"4":0,"5":0,"6":0,"7":0,"8":0,"9":0,"10":0,"11":0,"12":0,"13":0,"14":0},"f":{"0":0,"1":0,"2":0,"3":0,"4":0,"5":0,"6":0},"b":{"0":[0,0]}}
,"C:\\Users\\Teodora\\Documents\\GitHub\\MyDoctor\\website\\src\\views\\dashboard\\CreateAppointment.js": {"path":"C:\\Users\\Teodora\\Documents\\GitHub\\MyDoctor\\website\\src\\views\\dashboard\\CreateAppointment.js","statementMap":{"0":{"start":{"line":22,"column":26},"end":{"line":190,"column":1}},"1":{"start":{"line":23,"column":38},"end":{"line":23,"column":50}},"2":{"start":{"line":24,"column":42},"end":{"line":24,"column":54}},"3":{"start":{"line":25,"column":28},"end":{"line":25,"column":40}},"4":{"start":{"line":26,"column":32},"end":{"line":26,"column":44}},"5":{"start":{"line":27,"column":2},"end":{"line":32,"column":8}},"6":{"start":{"line":28,"column":22},"end":{"line":30,"column":5}},"7":{"start":{"line":29,"column":6},"end":{"line":29,"column":29}},"8":{"start":{"line":31,"column":4},"end":{"line":31,"column":15}},"9":{"start":{"line":34,"column":26},"end":{"line":41,"column":3}},"10":{"start":{"line":35,"column":4},"end":{"line":40,"column":5}},"11":{"start":{"line":36,"column":23},"end":{"line":36,"column":56}},"12":{"start":{"line":37,"column":6},"end":{"line":37,"column":36}},"13":{"start":{"line":39,"column":6},"end":{"line":39,"column":19}},"14":{"start":{"line":43,"column":21},"end":{"line":54,"column":3}},"15":{"start":{"line":44,"column":4},"end":{"line":46,"column":5}},"16":{"start":{"line":45,"column":6},"end":{"line":45,"column":12}},"17":{"start":{"line":47,"column":4},"end":{"line":53,"column":5}},"18":{"start":{"line":48,"column":23},"end":{"line":48,"column":73}},"19":{"start":{"line":49,"column":6},"end":{"line":49,"column":32}},"20":{"start":{"line":50,"column":6},"end":{"line":50,"column":31}},"21":{"start":{"line":52,"column":6},"end":{"line":52,"column":19}},"22":{"start":{"line":56,"column":2},"end":{"line":61,"column":18}},"23":{"start":{"line":57,"column":22},"end":{"line":59,"column":5}},"24":{"start":{"line":58,"column":6},"end":{"line":58,"column":24}},"25":{"start":{"line":60,"column":4},"end":{"line":60,"column":15}},"26":{"start":{"line":63,"column":17},"end":{"line":63,"column":30}},"27":{"start":{"line":65,"column":2},"end":{"line":189,"column":3}},"28":{"start":{"line":83,"column":42},"end":{"line":83,"column":79}},"29":{"start":{"line":89,"column":24},"end":{"line":89,"column":67}},"30":{"start":{"line":97,"column":36},"end":{"line":97,"column":54}},"31":{"start":{"line":98,"column":24},"end":{"line":161,"column":25}},"32":{"start":{"line":170,"column":43},"end":{"line":170,"column":61}}},"fnMap":{"0":{"name":"(anonymous_0)","decl":{"start":{"line":22,"column":26},"end":{"line":22,"column":27}},"loc":{"start":{"line":22,"column":32},"end":{"line":190,"column":1}},"line":22},"1":{"name":"(anonymous_1)","decl":{"start":{"line":27,"column":12},"end":{"line":27,"column":13}},"loc":{"start":{"line":27,"column":18},"end":{"line":32,"column":3}},"line":27},"2":{"name":"(anonymous_2)","decl":{"start":{"line":28,"column":22},"end":{"line":28,"column":23}},"loc":{"start":{"line":28,"column":34},"end":{"line":30,"column":5}},"line":28},"3":{"name":"(anonymous_3)","decl":{"start":{"line":34,"column":26},"end":{"line":34,"column":27}},"loc":{"start":{"line":34,"column":38},"end":{"line":41,"column":3}},"line":34},"4":{"name":"(anonymous_4)","decl":{"start":{"line":43,"column":21},"end":{"line":43,"column":22}},"loc":{"start":{"line":43,"column":33},"end":{"line":54,"column":3}},"line":43},"5":{"name":"(anonymous_5)","decl":{"start":{"line":56,"column":12},"end":{"line":56,"column":13}},"loc":{"start":{"line":56,"column":18},"end":{"line":61,"column":3}},"line":56},"6":{"name":"(anonymous_6)","decl":{"start":{"line":57,"column":22},"end":{"line":57,"column":23}},"loc":{"start":{"line":57,"column":34},"end":{"line":59,"column":5}},"line":57},"7":{"name":"(anonymous_7)","decl":{"start":{"line":83,"column":32},"end":{"line":83,"column":33}},"loc":{"start":{"line":83,"column":42},"end":{"line":83,"column":79}},"line":83},"8":{"name":"(anonymous_8)","decl":{"start":{"line":88,"column":48},"end":{"line":88,"column":49}},"loc":{"start":{"line":88,"column":58},"end":{"line":90,"column":23}},"line":88},"9":{"name":"(anonymous_9)","decl":{"start":{"line":96,"column":63},"end":{"line":96,"column":64}},"loc":{"start":{"line":96,"column":79},"end":{"line":162,"column":23}},"line":96},"10":{"name":"(anonymous_10)","decl":{"start":{"line":170,"column":32},"end":{"line":170,"column":33}},"loc":{"start":{"line":170,"column":43},"end":{"line":170,"column":61}},"line":170}},"branchMap":{"0":{"loc":{"start":{"line":44,"column":4},"end":{"line":46,"column":5}},"type":"if","locations":[{"start":{"line":44,"column":4},"end":{"line":46,"column":5}},{"start":{},"end":{}}],"line":44},"1":{"loc":{"start":{"line":83,"column":56},"end":{"line":83,"column":78}},"type":"cond-expr","locations":[{"start":{"line":83,"column":63},"end":{"line":83,"column":73}},{"start":{"line":83,"column":76},"end":{"line":83,"column":78}}],"line":83},"2":{"loc":{"start":{"line":96,"column":23},"end":{"line":162,"column":122}},"type":"cond-expr","locations":[{"start":{"line":96,"column":51},"end":{"line":162,"column":24}},{"start":{"line":162,"column":27},"end":{"line":162,"column":122}}],"line":96},"3":{"loc":{"start":{"line":96,"column":23},"end":{"line":96,"column":48}},"type":"binary-expr","locations":[{"start":{"line":96,"column":23},"end":{"line":96,"column":30}},{"start":{"line":96,"column":34},"end":{"line":96,"column":48}}],"line":96},"4":{"loc":{"start":{"line":122,"column":40},"end":{"line":124,"column":94}},"type":"cond-expr","locations":[{"start":{"line":123,"column":44},"end":{"line":123,"column":60}},{"start":{"line":124,"column":44},"end":{"line":124,"column":94}}],"line":122},"5":{"loc":{"start":{"line":162,"column":27},"end":{"line":162,"column":122}},"type":"cond-expr","locations":[{"start":{"line":162,"column":40},"end":{"line":162,"column":115}},{"start":{"line":162,"column":118},"end":{"line":162,"column":122}}],"line":162}},"s":{"0":0,"1":0,"2":0,"3":0,"4":0,"5":0,"6":0,"7":0,"8":0,"9":0,"10":0,"11":0,"12":0,"13":0,"14":0,"15":0,"16":0,"17":0,"18":0,"19":0,"20":0,"21":0,"22":0,"23":0,"24":0,"25":0,"26":0,"27":0,"28":0,"29":0,"30":0,"31":0,"32":0},"f":{"0":0,"1":0,"2":0,"3":0,"4":0,"5":0,"6":0,"7":0,"8":0,"9":0,"10":0},"b":{"0":[0,0],"1":[0,0],"2":[0,0],"3":[0,0],"4":[0,0],"5":[0,0]}}
,"C:\\Users\\Teodora\\Documents\\GitHub\\MyDoctor\\website\\src\\views\\dashboard\\DoctorSchedule.js": {"path":"C:\\Users\\Teodora\\Documents\\GitHub\\MyDoctor\\website\\src\\views\\dashboard\\DoctorSchedule.js","statementMap":{"0":{"start":{"line":29,"column":23},"end":{"line":141,"column":1}},"1":{"start":{"line":30,"column":26},"end":{"line":38,"column":4}},"2":{"start":{"line":40,"column":22},"end":{"line":51,"column":3}},"3":{"start":{"line":41,"column":4},"end":{"line":50,"column":7}},"4":{"start":{"line":42,"column":6},"end":{"line":48,"column":7}},"5":{"start":{"line":43,"column":8},"end":{"line":47,"column":9}},"6":{"start":{"line":44,"column":12},"end":{"line":44,"column":42}},"7":{"start":{"line":45,"column":15},"end":{"line":47,"column":9}},"8":{"start":{"line":46,"column":12},"end":{"line":46,"column":40}},"9":{"start":{"line":49,"column":6},"end":{"line":49,"column":17}},"10":{"start":{"line":52,"column":23},"end":{"line":59,"column":3}},"11":{"start":{"line":53,"column":4},"end":{"line":58,"column":5}},"12":{"start":{"line":54,"column":18},"end":{"line":54,"column":22}},"13":{"start":{"line":55,"column":5},"end":{"line":55,"column":39}},"14":{"start":{"line":57,"column":6},"end":{"line":57,"column":24}},"15":{"start":{"line":61,"column":0},"end":{"line":63,"column":10}},"16":{"start":{"line":62,"column":2},"end":{"line":62,"column":19}},"17":{"start":{"line":64,"column":2},"end":{"line":140,"column":3}},"18":{"start":{"line":88,"column":20},"end":{"line":126,"column":21}},"19":{"start":{"line":108,"column":55},"end":{"line":108,"column":98}},"20":{"start":{"line":116,"column":55},"end":{"line":116,"column":96}}},"fnMap":{"0":{"name":"(anonymous_0)","decl":{"start":{"line":29,"column":23},"end":{"line":29,"column":24}},"loc":{"start":{"line":29,"column":29},"end":{"line":141,"column":1}},"line":29},"1":{"name":"(anonymous_1)","decl":{"start":{"line":40,"column":22},"end":{"line":40,"column":23}},"loc":{"start":{"line":40,"column":49},"end":{"line":51,"column":3}},"line":40},"2":{"name":"(anonymous_2)","decl":{"start":{"line":41,"column":21},"end":{"line":41,"column":22}},"loc":{"start":{"line":41,"column":28},"end":{"line":50,"column":5}},"line":41},"3":{"name":"(anonymous_3)","decl":{"start":{"line":52,"column":23},"end":{"line":52,"column":24}},"loc":{"start":{"line":52,"column":35},"end":{"line":59,"column":3}},"line":52},"4":{"name":"(anonymous_4)","decl":{"start":{"line":61,"column":10},"end":{"line":61,"column":11}},"loc":{"start":{"line":61,"column":16},"end":{"line":63,"column":1}},"line":61},"5":{"name":"(anonymous_5)","decl":{"start":{"line":87,"column":28},"end":{"line":87,"column":29}},"loc":{"start":{"line":87,"column":44},"end":{"line":127,"column":19}},"line":87},"6":{"name":"(anonymous_6)","decl":{"start":{"line":108,"column":48},"end":{"line":108,"column":49}},"loc":{"start":{"line":108,"column":55},"end":{"line":108,"column":98}},"line":108},"7":{"name":"(anonymous_7)","decl":{"start":{"line":116,"column":48},"end":{"line":116,"column":49}},"loc":{"start":{"line":116,"column":55},"end":{"line":116,"column":96}},"line":116}},"branchMap":{"0":{"loc":{"start":{"line":42,"column":6},"end":{"line":48,"column":7}},"type":"if","locations":[{"start":{"line":42,"column":6},"end":{"line":48,"column":7}},{"start":{},"end":{}}],"line":42},"1":{"loc":{"start":{"line":43,"column":8},"end":{"line":47,"column":9}},"type":"if","locations":[{"start":{"line":43,"column":8},"end":{"line":47,"column":9}},{"start":{"line":45,"column":15},"end":{"line":47,"column":9}}],"line":43},"2":{"loc":{"start":{"line":45,"column":15},"end":{"line":47,"column":9}},"type":"if","locations":[{"start":{"line":45,"column":15},"end":{"line":47,"column":9}},{"start":{},"end":{}}],"line":45}},"s":{"0":0,"1":0,"2":0,"3":0,"4":0,"5":0,"6":0,"7":0,"8":0,"9":0,"10":0,"11":0,"12":0,"13":0,"14":0,"15":0,"16":0,"17":0,"18":0,"19":0,"20":0},"f":{"0":0,"1":0,"2":0,"3":0,"4":0,"5":0,"6":0,"7":0},"b":{"0":[0,0],"1":[0,0],"2":[0,0]}}
,"C:\\Users\\Teodora\\Documents\\GitHub\\MyDoctor\\website\\src\\views\\examples\\Icons.js": {"path":"C:\\Users\\Teodora\\Documents\\GitHub\\MyDoctor\\website\\src\\views\\examples\\Icons.js","statementMap":{"0":{"start":{"line":34,"column":14},"end":{"line":2784,"column":1}},"1":{"start":{"line":35,"column":38},"end":{"line":35,"column":48}},"2":{"start":{"line":36,"column":2},"end":{"line":2783,"column":4}},"3":{"start":{"line":53,"column":36},"end":{"line":53,"column":68}},"4":{"start":{"line":79,"column":36},"end":{"line":79,"column":69}},"5":{"start":{"line":106,"column":36},"end":{"line":106,"column":66}},"6":{"start":{"line":133,"column":36},"end":{"line":133,"column":71}},"7":{"start":{"line":160,"column":36},"end":{"line":160,"column":71}},"8":{"start":{"line":187,"column":36},"end":{"line":187,"column":68}},"9":{"start":{"line":214,"column":36},"end":{"line":214,"column":62}},"10":{"start":{"line":241,"column":36},"end":{"line":241,"column":68}},"11":{"start":{"line":268,"column":36},"end":{"line":268,"column":63}},"12":{"start":{"line":295,"column":36},"end":{"line":295,"column":64}},"13":{"start":{"line":322,"column":36},"end":{"line":322,"column":65}},"14":{"start":{"line":349,"column":36},"end":{"line":349,"column":65}},"15":{"start":{"line":376,"column":36},"end":{"line":376,"column":66}},"16":{"start":{"line":403,"column":36},"end":{"line":403,"column":68}},"17":{"start":{"line":430,"column":36},"end":{"line":430,"column":68}},"18":{"start":{"line":457,"column":36},"end":{"line":457,"column":69}},"19":{"start":{"line":484,"column":36},"end":{"line":484,"column":66}},"20":{"start":{"line":511,"column":36},"end":{"line":511,"column":63}},"21":{"start":{"line":538,"column":36},"end":{"line":538,"column":72}},"22":{"start":{"line":565,"column":36},"end":{"line":565,"column":64}},"23":{"start":{"line":592,"column":36},"end":{"line":592,"column":64}},"24":{"start":{"line":619,"column":36},"end":{"line":619,"column":71}},"25":{"start":{"line":646,"column":36},"end":{"line":646,"column":67}},"26":{"start":{"line":673,"column":36},"end":{"line":673,"column":66}},"27":{"start":{"line":700,"column":36},"end":{"line":700,"column":66}},"28":{"start":{"line":727,"column":36},"end":{"line":727,"column":71}},"29":{"start":{"line":754,"column":36},"end":{"line":754,"column":71}},"30":{"start":{"line":781,"column":36},"end":{"line":781,"column":70}},"31":{"start":{"line":808,"column":36},"end":{"line":808,"column":71}},"32":{"start":{"line":835,"column":36},"end":{"line":835,"column":75}},"33":{"start":{"line":862,"column":36},"end":{"line":862,"column":73}},"34":{"start":{"line":889,"column":36},"end":{"line":889,"column":69}},"35":{"start":{"line":916,"column":36},"end":{"line":916,"column":63}},"36":{"start":{"line":943,"column":36},"end":{"line":943,"column":71}},"37":{"start":{"line":970,"column":36},"end":{"line":970,"column":71}},"38":{"start":{"line":997,"column":36},"end":{"line":997,"column":69}},"39":{"start":{"line":1024,"column":36},"end":{"line":1024,"column":69}},"40":{"start":{"line":1051,"column":36},"end":{"line":1051,"column":68}},"41":{"start":{"line":1078,"column":36},"end":{"line":1078,"column":76}},"42":{"start":{"line":1105,"column":36},"end":{"line":1105,"column":74}},"43":{"start":{"line":1132,"column":36},"end":{"line":1132,"column":69}},"44":{"start":{"line":1159,"column":36},"end":{"line":1159,"column":69}},"45":{"start":{"line":1186,"column":36},"end":{"line":1186,"column":70}},"46":{"start":{"line":1213,"column":36},"end":{"line":1213,"column":70}},"47":{"start":{"line":1240,"column":36},"end":{"line":1240,"column":72}},"48":{"start":{"line":1267,"column":36},"end":{"line":1267,"column":66}},"49":{"start":{"line":1294,"column":36},"end":{"line":1294,"column":67}},"50":{"start":{"line":1321,"column":36},"end":{"line":1321,"column":66}},"51":{"start":{"line":1348,"column":36},"end":{"line":1348,"column":69}},"52":{"start":{"line":1375,"column":36},"end":{"line":1375,"column":69}},"53":{"start":{"line":1402,"column":36},"end":{"line":1402,"column":71}},"54":{"start":{"line":1429,"column":36},"end":{"line":1429,"column":68}},"55":{"start":{"line":1456,"column":36},"end":{"line":1456,"column":68}},"56":{"start":{"line":1483,"column":36},"end":{"line":1483,"column":64}},"57":{"start":{"line":1510,"column":36},"end":{"line":1510,"column":69}},"58":{"start":{"line":1537,"column":36},"end":{"line":1537,"column":64}},"59":{"start":{"line":1564,"column":36},"end":{"line":1564,"column":67}},"60":{"start":{"line":1591,"column":36},"end":{"line":1591,"column":68}},"61":{"start":{"line":1618,"column":36},"end":{"line":1618,"column":65}},"62":{"start":{"line":1645,"column":36},"end":{"line":1645,"column":65}},"63":{"start":{"line":1672,"column":36},"end":{"line":1672,"column":65}},"64":{"start":{"line":1699,"column":36},"end":{"line":1699,"column":75}},"65":{"start":{"line":1726,"column":36},"end":{"line":1726,"column":66}},"66":{"start":{"line":1753,"column":36},"end":{"line":1753,"column":72}},"67":{"start":{"line":1780,"column":36},"end":{"line":1780,"column":70}},"68":{"start":{"line":1807,"column":36},"end":{"line":1807,"column":66}},"69":{"start":{"line":1834,"column":36},"end":{"line":1834,"column":74}},"70":{"start":{"line":1861,"column":36},"end":{"line":1861,"column":66}},"71":{"start":{"line":1888,"column":36},"end":{"line":1888,"column":72}},"72":{"start":{"line":1915,"column":36},"end":{"line":1915,"column":64}},"73":{"start":{"line":1942,"column":36},"end":{"line":1942,"column":65}},"74":{"start":{"line":1969,"column":36},"end":{"line":1969,"column":71}},"75":{"start":{"line":1996,"column":36},"end":{"line":1996,"column":68}},"76":{"start":{"line":2023,"column":36},"end":{"line":2023,"column":67}},"77":{"start":{"line":2050,"column":36},"end":{"line":2050,"column":63}},"78":{"start":{"line":2077,"column":36},"end":{"line":2077,"column":75}},"79":{"start":{"line":2104,"column":36},"end":{"line":2104,"column":67}},"80":{"start":{"line":2131,"column":36},"end":{"line":2131,"column":68}},"81":{"start":{"line":2158,"column":36},"end":{"line":2158,"column":73}},"82":{"start":{"line":2185,"column":36},"end":{"line":2185,"column":69}},"83":{"start":{"line":2212,"column":36},"end":{"line":2212,"column":68}},"84":{"start":{"line":2239,"column":36},"end":{"line":2239,"column":69}},"85":{"start":{"line":2266,"column":36},"end":{"line":2266,"column":69}},"86":{"start":{"line":2293,"column":36},"end":{"line":2293,"column":72}},"87":{"start":{"line":2320,"column":36},"end":{"line":2320,"column":62}},"88":{"start":{"line":2347,"column":36},"end":{"line":2347,"column":66}},"89":{"start":{"line":2374,"column":36},"end":{"line":2374,"column":69}},"90":{"start":{"line":2401,"column":36},"end":{"line":2401,"column":65}},"91":{"start":{"line":2428,"column":36},"end":{"line":2428,"column":63}},"92":{"start":{"line":2455,"column":36},"end":{"line":2455,"column":70}},"93":{"start":{"line":2482,"column":36},"end":{"line":2482,"column":67}},"94":{"start":{"line":2509,"column":36},"end":{"line":2509,"column":65}},"95":{"start":{"line":2536,"column":36},"end":{"line":2536,"column":69}},"96":{"start":{"line":2563,"column":36},"end":{"line":2563,"column":64}},"97":{"start":{"line":2590,"column":36},"end":{"line":2590,"column":72}},"98":{"start":{"line":2617,"column":36},"end":{"line":2617,"column":69}},"99":{"start":{"line":2644,"column":36},"end":{"line":2644,"column":64}},"100":{"start":{"line":2671,"column":36},"end":{"line":2671,"column":63}},"101":{"start":{"line":2698,"column":36},"end":{"line":2698,"column":66}},"102":{"start":{"line":2725,"column":36},"end":{"line":2725,"column":66}},"103":{"start":{"line":2752,"column":36},"end":{"line":2752,"column":64}}},"fnMap":{"0":{"name":"(anonymous_0)","decl":{"start":{"line":34,"column":14},"end":{"line":34,"column":15}},"loc":{"start":{"line":34,"column":20},"end":{"line":2784,"column":1}},"line":34},"1":{"name":"(anonymous_1)","decl":{"start":{"line":53,"column":30},"end":{"line":53,"column":31}},"loc":{"start":{"line":53,"column":36},"end":{"line":53,"column":68}},"line":53},"2":{"name":"(anonymous_2)","decl":{"start":{"line":79,"column":30},"end":{"line":79,"column":31}},"loc":{"start":{"line":79,"column":36},"end":{"line":79,"column":69}},"line":79},"3":{"name":"(anonymous_3)","decl":{"start":{"line":106,"column":30},"end":{"line":106,"column":31}},"loc":{"start":{"line":106,"column":36},"end":{"line":106,"column":66}},"line":106},"4":{"name":"(anonymous_4)","decl":{"start":{"line":133,"column":30},"end":{"line":133,"column":31}},"loc":{"start":{"line":133,"column":36},"end":{"line":133,"column":71}},"line":133},"5":{"name":"(anonymous_5)","decl":{"start":{"line":160,"column":30},"end":{"line":160,"column":31}},"loc":{"start":{"line":160,"column":36},"end":{"line":160,"column":71}},"line":160},"6":{"name":"(anonymous_6)","decl":{"start":{"line":187,"column":30},"end":{"line":187,"column":31}},"loc":{"start":{"line":187,"column":36},"end":{"line":187,"column":68}},"line":187},"7":{"name":"(anonymous_7)","decl":{"start":{"line":214,"column":30},"end":{"line":214,"column":31}},"loc":{"start":{"line":214,"column":36},"end":{"line":214,"column":62}},"line":214},"8":{"name":"(anonymous_8)","decl":{"start":{"line":241,"column":30},"end":{"line":241,"column":31}},"loc":{"start":{"line":241,"column":36},"end":{"line":241,"column":68}},"line":241},"9":{"name":"(anonymous_9)","decl":{"start":{"line":268,"column":30},"end":{"line":268,"column":31}},"loc":{"start":{"line":268,"column":36},"end":{"line":268,"column":63}},"line":268},"10":{"name":"(anonymous_10)","decl":{"start":{"line":295,"column":30},"end":{"line":295,"column":31}},"loc":{"start":{"line":295,"column":36},"end":{"line":295,"column":64}},"line":295},"11":{"name":"(anonymous_11)","decl":{"start":{"line":322,"column":30},"end":{"line":322,"column":31}},"loc":{"start":{"line":322,"column":36},"end":{"line":322,"column":65}},"line":322},"12":{"name":"(anonymous_12)","decl":{"start":{"line":349,"column":30},"end":{"line":349,"column":31}},"loc":{"start":{"line":349,"column":36},"end":{"line":349,"column":65}},"line":349},"13":{"name":"(anonymous_13)","decl":{"start":{"line":376,"column":30},"end":{"line":376,"column":31}},"loc":{"start":{"line":376,"column":36},"end":{"line":376,"column":66}},"line":376},"14":{"name":"(anonymous_14)","decl":{"start":{"line":403,"column":30},"end":{"line":403,"column":31}},"loc":{"start":{"line":403,"column":36},"end":{"line":403,"column":68}},"line":403},"15":{"name":"(anonymous_15)","decl":{"start":{"line":430,"column":30},"end":{"line":430,"column":31}},"loc":{"start":{"line":430,"column":36},"end":{"line":430,"column":68}},"line":430},"16":{"name":"(anonymous_16)","decl":{"start":{"line":457,"column":30},"end":{"line":457,"column":31}},"loc":{"start":{"line":457,"column":36},"end":{"line":457,"column":69}},"line":457},"17":{"name":"(anonymous_17)","decl":{"start":{"line":484,"column":30},"end":{"line":484,"column":31}},"loc":{"start":{"line":484,"column":36},"end":{"line":484,"column":66}},"line":484},"18":{"name":"(anonymous_18)","decl":{"start":{"line":511,"column":30},"end":{"line":511,"column":31}},"loc":{"start":{"line":511,"column":36},"end":{"line":511,"column":63}},"line":511},"19":{"name":"(anonymous_19)","decl":{"start":{"line":538,"column":30},"end":{"line":538,"column":31}},"loc":{"start":{"line":538,"column":36},"end":{"line":538,"column":72}},"line":538},"20":{"name":"(anonymous_20)","decl":{"start":{"line":565,"column":30},"end":{"line":565,"column":31}},"loc":{"start":{"line":565,"column":36},"end":{"line":565,"column":64}},"line":565},"21":{"name":"(anonymous_21)","decl":{"start":{"line":592,"column":30},"end":{"line":592,"column":31}},"loc":{"start":{"line":592,"column":36},"end":{"line":592,"column":64}},"line":592},"22":{"name":"(anonymous_22)","decl":{"start":{"line":619,"column":30},"end":{"line":619,"column":31}},"loc":{"start":{"line":619,"column":36},"end":{"line":619,"column":71}},"line":619},"23":{"name":"(anonymous_23)","decl":{"start":{"line":646,"column":30},"end":{"line":646,"column":31}},"loc":{"start":{"line":646,"column":36},"end":{"line":646,"column":67}},"line":646},"24":{"name":"(anonymous_24)","decl":{"start":{"line":673,"column":30},"end":{"line":673,"column":31}},"loc":{"start":{"line":673,"column":36},"end":{"line":673,"column":66}},"line":673},"25":{"name":"(anonymous_25)","decl":{"start":{"line":700,"column":30},"end":{"line":700,"column":31}},"loc":{"start":{"line":700,"column":36},"end":{"line":700,"column":66}},"line":700},"26":{"name":"(anonymous_26)","decl":{"start":{"line":727,"column":30},"end":{"line":727,"column":31}},"loc":{"start":{"line":727,"column":36},"end":{"line":727,"column":71}},"line":727},"27":{"name":"(anonymous_27)","decl":{"start":{"line":754,"column":30},"end":{"line":754,"column":31}},"loc":{"start":{"line":754,"column":36},"end":{"line":754,"column":71}},"line":754},"28":{"name":"(anonymous_28)","decl":{"start":{"line":781,"column":30},"end":{"line":781,"column":31}},"loc":{"start":{"line":781,"column":36},"end":{"line":781,"column":70}},"line":781},"29":{"name":"(anonymous_29)","decl":{"start":{"line":808,"column":30},"end":{"line":808,"column":31}},"loc":{"start":{"line":808,"column":36},"end":{"line":808,"column":71}},"line":808},"30":{"name":"(anonymous_30)","decl":{"start":{"line":835,"column":30},"end":{"line":835,"column":31}},"loc":{"start":{"line":835,"column":36},"end":{"line":835,"column":75}},"line":835},"31":{"name":"(anonymous_31)","decl":{"start":{"line":862,"column":30},"end":{"line":862,"column":31}},"loc":{"start":{"line":862,"column":36},"end":{"line":862,"column":73}},"line":862},"32":{"name":"(anonymous_32)","decl":{"start":{"line":889,"column":30},"end":{"line":889,"column":31}},"loc":{"start":{"line":889,"column":36},"end":{"line":889,"column":69}},"line":889},"33":{"name":"(anonymous_33)","decl":{"start":{"line":916,"column":30},"end":{"line":916,"column":31}},"loc":{"start":{"line":916,"column":36},"end":{"line":916,"column":63}},"line":916},"34":{"name":"(anonymous_34)","decl":{"start":{"line":943,"column":30},"end":{"line":943,"column":31}},"loc":{"start":{"line":943,"column":36},"end":{"line":943,"column":71}},"line":943},"35":{"name":"(anonymous_35)","decl":{"start":{"line":970,"column":30},"end":{"line":970,"column":31}},"loc":{"start":{"line":970,"column":36},"end":{"line":970,"column":71}},"line":970},"36":{"name":"(anonymous_36)","decl":{"start":{"line":997,"column":30},"end":{"line":997,"column":31}},"loc":{"start":{"line":997,"column":36},"end":{"line":997,"column":69}},"line":997},"37":{"name":"(anonymous_37)","decl":{"start":{"line":1024,"column":30},"end":{"line":1024,"column":31}},"loc":{"start":{"line":1024,"column":36},"end":{"line":1024,"column":69}},"line":10
[...]
tart":{"line":1539,"column":42},"end":{"line":1539,"column":60}},"91":{"start":{"line":1557,"column":42},"end":{"line":1557,"column":60}},"92":{"start":{"line":1575,"column":42},"end":{"line":1575,"column":60}},"93":{"start":{"line":1611,"column":42},"end":{"line":1611,"column":60}},"94":{"start":{"line":1618,"column":44},"end":{"line":1618,"column":62}},"95":{"start":{"line":1624,"column":44},"end":{"line":1624,"column":62}},"96":{"start":{"line":1630,"column":44},"end":{"line":1630,"column":62}}},"fnMap":{"0":{"name":"(anonymous_0)","decl":{"start":{"line":41,"column":15},"end":{"line":41,"column":16}},"loc":{"start":{"line":41,"column":21},"end":{"line":1646,"column":1}},"line":41},"1":{"name":"(anonymous_1)","decl":{"start":{"line":72,"column":35},"end":{"line":72,"column":36}},"loc":{"start":{"line":72,"column":42},"end":{"line":72,"column":60}},"line":72},"2":{"name":"(anonymous_2)","decl":{"start":{"line":99,"column":35},"end":{"line":99,"column":36}},"loc":{"start":{"line":99,"column":42},"end":{"line":99,"column":60}},"line":99},"3":{"name":"(anonymous_3)","decl":{"start":{"line":117,"column":35},"end":{"line":117,"column":36}},"loc":{"start":{"line":117,"column":42},"end":{"line":117,"column":60}},"line":117},"4":{"name":"(anonymous_4)","decl":{"start":{"line":135,"column":35},"end":{"line":135,"column":36}},"loc":{"start":{"line":135,"column":42},"end":{"line":135,"column":60}},"line":135},"5":{"name":"(anonymous_5)","decl":{"start":{"line":153,"column":35},"end":{"line":153,"column":36}},"loc":{"start":{"line":153,"column":42},"end":{"line":153,"column":60}},"line":153},"6":{"name":"(anonymous_6)","decl":{"start":{"line":189,"column":35},"end":{"line":189,"column":36}},"loc":{"start":{"line":189,"column":42},"end":{"line":189,"column":60}},"line":189},"7":{"name":"(anonymous_7)","decl":{"start":{"line":196,"column":37},"end":{"line":196,"column":38}},"loc":{"start":{"line":196,"column":44},"end":{"line":196,"column":62}},"line":196},"8":{"name":"(anonymous_8)","decl":{"start":{"line":202,"column":37},"end":{"line":202,"column":38}},"loc":{"start":{"line":202,"column":44},"end":{"line":202,"column":62}},"line":202},"9":{"name":"(anonymous_9)","decl":{"start":{"line":208,"column":37},"end":{"line":208,"column":38}},"loc":{"start":{"line":208,"column":44},"end":{"line":208,"column":62}},"line":208},"10":{"name":"(anonymous_10)","decl":{"start":{"line":222,"column":35},"end":{"line":222,"column":36}},"loc":{"start":{"line":222,"column":42},"end":{"line":222,"column":60}},"line":222},"11":{"name":"(anonymous_11)","decl":{"start":{"line":249,"column":35},"end":{"line":249,"column":36}},"loc":{"start":{"line":249,"column":42},"end":{"line":249,"column":60}},"line":249},"12":{"name":"(anonymous_12)","decl":{"start":{"line":267,"column":35},"end":{"line":267,"column":36}},"loc":{"start":{"line":267,"column":42},"end":{"line":267,"column":60}},"line":267},"13":{"name":"(anonymous_13)","decl":{"start":{"line":285,"column":35},"end":{"line":285,"column":36}},"loc":{"start":{"line":285,"column":42},"end":{"line":285,"column":60}},"line":285},"14":{"name":"(anonymous_14)","decl":{"start":{"line":303,"column":35},"end":{"line":303,"column":36}},"loc":{"start":{"line":303,"column":42},"end":{"line":303,"column":60}},"line":303},"15":{"name":"(anonymous_15)","decl":{"start":{"line":339,"column":35},"end":{"line":339,"column":36}},"loc":{"start":{"line":339,"column":42},"end":{"line":339,"column":60}},"line":339},"16":{"name":"(anonymous_16)","decl":{"start":{"line":346,"column":37},"end":{"line":346,"column":38}},"loc":{"start":{"line":346,"column":44},"end":{"line":346,"column":62}},"line":346},"17":{"name":"(anonymous_17)","decl":{"start":{"line":352,"column":37},"end":{"line":352,"column":38}},"loc":{"start":{"line":352,"column":44},"end":{"line":352,"column":62}},"line":352},"18":{"name":"(anonymous_18)","decl":{"start":{"line":358,"column":37},"end":{"line":358,"column":38}},"loc":{"start":{"line":358,"column":44},"end":{"line":358,"column":62}},"line":358},"19":{"name":"(anonymous_19)","decl":{"start":{"line":372,"column":35},"end":{"line":372,"column":36}},"loc":{"start":{"line":372,"column":42},"end":{"line":372,"column":60}},"line":372},"20":{"name":"(anonymous_20)","decl":{"start":{"line":397,"column":35},"end":{"line":397,"column":36}},"loc":{"start":{"line":397,"column":42},"end":{"line":397,"column":60}},"line":397},"21":{"name":"(anonymous_21)","decl":{"start":{"line":415,"column":35},"end":{"line":415,"column":36}},"loc":{"start":{"line":415,"column":42},"end":{"line":415,"column":60}},"line":415},"22":{"name":"(anonymous_22)","decl":{"start":{"line":433,"column":35},"end":{"line":433,"column":36}},"loc":{"start":{"line":433,"column":42},"end":{"line":433,"column":60}},"line":433},"23":{"name":"(anonymous_23)","decl":{"start":{"line":451,"column":35},"end":{"line":451,"column":36}},"loc":{"start":{"line":451,"column":42},"end":{"line":451,"column":60}},"line":451},"24":{"name":"(anonymous_24)","decl":{"start":{"line":487,"column":35},"end":{"line":487,"column":36}},"loc":{"start":{"line":487,"column":42},"end":{"line":487,"column":60}},"line":487},"25":{"name":"(anonymous_25)","decl":{"start":{"line":494,"column":37},"end":{"line":494,"column":38}},"loc":{"start":{"line":494,"column":44},"end":{"line":494,"column":62}},"line":494},"26":{"name":"(anonymous_26)","decl":{"start":{"line":500,"column":37},"end":{"line":500,"column":38}},"loc":{"start":{"line":500,"column":44},"end":{"line":500,"column":62}},"line":500},"27":{"name":"(anonymous_27)","decl":{"start":{"line":506,"column":37},"end":{"line":506,"column":38}},"loc":{"start":{"line":506,"column":44},"end":{"line":506,"column":62}},"line":506},"28":{"name":"(anonymous_28)","decl":{"start":{"line":520,"column":35},"end":{"line":520,"column":36}},"loc":{"start":{"line":520,"column":42},"end":{"line":520,"column":60}},"line":520},"29":{"name":"(anonymous_29)","decl":{"start":{"line":547,"column":35},"end":{"line":547,"column":36}},"loc":{"start":{"line":547,"column":42},"end":{"line":547,"column":60}},"line":547},"30":{"name":"(anonymous_30)","decl":{"start":{"line":565,"column":35},"end":{"line":565,"column":36}},"loc":{"start":{"line":565,"column":42},"end":{"line":565,"column":60}},"line":565},"31":{"name":"(anonymous_31)","decl":{"start":{"line":583,"column":35},"end":{"line":583,"column":36}},"loc":{"start":{"line":583,"column":42},"end":{"line":583,"column":60}},"line":583},"32":{"name":"(anonymous_32)","decl":{"start":{"line":601,"column":35},"end":{"line":601,"column":36}},"loc":{"start":{"line":601,"column":42},"end":{"line":601,"column":60}},"line":601},"33":{"name":"(anonymous_33)","decl":{"start":{"line":637,"column":35},"end":{"line":637,"column":36}},"loc":{"start":{"line":637,"column":42},"end":{"line":637,"column":60}},"line":637},"34":{"name":"(anonymous_34)","decl":{"start":{"line":644,"column":37},"end":{"line":644,"column":38}},"loc":{"start":{"line":644,"column":44},"end":{"line":644,"column":62}},"line":644},"35":{"name":"(anonymous_35)","decl":{"start":{"line":650,"column":37},"end":{"line":650,"column":38}},"loc":{"start":{"line":650,"column":44},"end":{"line":650,"column":62}},"line":650},"36":{"name":"(anonymous_36)","decl":{"start":{"line":656,"column":37},"end":{"line":656,"column":38}},"loc":{"start":{"line":656,"column":44},"end":{"line":656,"column":62}},"line":656},"37":{"name":"(anonymous_37)","decl":{"start":{"line":670,"column":35},"end":{"line":670,"column":36}},"loc":{"start":{"line":670,"column":42},"end":{"line":670,"column":60}},"line":670},"38":{"name":"(anonymous_38)","decl":{"start":{"line":697,"column":35},"end":{"line":697,"column":36}},"loc":{"start":{"line":697,"column":42},"end":{"line":697,"column":60}},"line":697},"39":{"name":"(anonymous_39)","decl":{"start":{"line":715,"column":35},"end":{"line":715,"column":36}},"loc":{"start":{"line":715,"column":42},"end":{"line":715,"column":60}},"line":715},"40":{"name":"(anonymous_40)","decl":{"start":{"line":733,"column":35},"end":{"line":733,"column":36}},"loc":{"start":{"line":733,"column":42},"end":{"line":733,"column":60}},"line":733},"41":{"name":"(anonymous_41)","decl":{"start":{"line":751,"column":35},"end":{"line":751,"column":36}},"loc":{"start":{"line":751,"column":42},"end":{"line":751,"column":60}},"line":751},"42":{"name":"(anonymous_42)","decl":{"start":{"line":787,"column":35},"end":{"line":787,"column":36}},"loc":{"start":{"line":787,"column":42},"end":{"line":787,"column":60}},"line":787},"43":{"name":"(anonymous_43)","decl":{"start":{"line":794,"column":37},"end":{"line":794,"column":38}},"loc":{"start":{"line":794,"column":44},"end":{"line":794,"column":62}},"line":794},"44":{"name":"(anonymous_44)","decl":{"start":{"line":800,"column":37},"end":{"line":800,"column":38}},"loc":{"start":{"line":800,"column":44},"end":{"line":800,"column":62}},"line":800},"45":{"name":"(anonymous_45)","decl":{"start":{"line":806,"column":37},"end":{"line":806,"column":38}},"loc":{"start":{"line":806,"column":44},"end":{"line":806,"column":62}},"line":806},"46":{"name":"(anonymous_46)","decl":{"start":{"line":825,"column":33},"end":{"line":825,"column":34}},"loc":{"start":{"line":825,"column":40},"end":{"line":825,"column":58}},"line":825},"47":{"name":"(anonymous_47)","decl":{"start":{"line":835,"column":33},"end":{"line":835,"column":34}},"loc":{"start":{"line":835,"column":40},"end":{"line":835,"column":58}},"line":835},"48":{"name":"(anonymous_48)","decl":{"start":{"line":843,"column":33},"end":{"line":843,"column":34}},"loc":{"start":{"line":843,"column":40},"end":{"line":843,"column":58}},"line":843},"49":{"name":"(anonymous_49)","decl":{"start":{"line":851,"column":33},"end":{"line":851,"column":34}},"loc":{"start":{"line":851,"column":40},"end":{"line":851,"column":58}},"line":851},"50":{"name":"(anonymous_50)","decl":{"start":{"line":859,"column":33},"end":{"line":859,"column":34}},"loc":{"start":{"line":859,"column":40},"end":{"line":859,"column":58}},"line":859},"51":{"name":"(anonymous_51)","decl":{"start":{"line":899,"column":35},"end":{"line":899,"column":36}},"loc":{"start":{"line":899,"column":42},"end":{"line":899,"column":60}},"line":899},"52":{"name":"(anonymous_52)","decl":{"start":{"line":926,"column":35},"end":{"line":926,"column":36}},"loc":{"start":{"line":926,"column":42},"end":{"line":926,"column":60}},"line":926},"53":{"name":"(anonymous_53)","decl":{"start":{"line":944,"column":35},"end":{"line":944,"column":36}},"loc":{"start":{"line":944,"column":42},"end":{"line":944,"column":60}},"line":944},"54":{"name":"(anonymous_54)","decl":{"start":{"line":962,"column":35},"end":{"line":962,"column":36}},"loc":{"start":{"line":962,"column":42},"end":{"line":962,"column":60}},"line":962},"55":{"name":"(anonymous_55)","decl":{"start":{"line":980,"column":35},"end":{"line":980,"column":36}},"loc":{"start":{"line":980,"column":42},"end":{"line":980,"column":60}},"line":980},"56":{"name":"(anonymous_56)","decl":{"start":{"line":1016,"column":35},"end":{"line":1016,"column":36}},"loc":{"start":{"line":1016,"column":42},"end":{"line":1016,"column":60}},"line":1016},"57":{"name":"(anonymous_57)","decl":{"start":{"line":1023,"column":37},"end":{"line":1023,"column":38}},"loc":{"start":{"line":1023,"column":44},"end":{"line":1023,"column":62}},"line":1023},"58":{"name":"(anonymous_58)","decl":{"start":{"line":1029,"column":37},"end":{"line":1029,"column":38}},"loc":{"start":{"line":1029,"column":44},"end":{"line":1029,"column":62}},"line":1029},"59":{"name":"(anonymous_59)","decl":{"start":{"line":1035,"column":37},"end":{"line":1035,"column":38}},"loc":{"start":{"line":1035,"column":44},"end":{"line":1035,"column":62}},"line":1035},"60":{"name":"(anonymous_60)","decl":{"start":{"line":1049,"column":35},"end":{"line":1049,"column":36}},"loc":{"start":{"line":1049,"column":42},"end":{"line":1049,"column":60}},"line":1049},"61":{"name":"(anonymous_61)","decl":{"start":{"line":1076,"column":35},"end":{"line":1076,"column":36}},"loc":{"start":{"line":1076,"column":42},"end":{"line":1076,"column":60}},"line":1076},"62":{"name":"(anonymous_62)","decl":{"start":{"line":1094,"column":35},"end":{"line":1094,"column":36}},"loc":{"start":{"line":1094,"column":42},"end":{"line":1094,"column":60}},"line":1094},"63":{"name":"(anonymous_63)","decl":{"start":{"line":1109,"column":35},"end":{"line":1109,"column":36}},"loc":{"start":{"line":1109,"column":42},"end":{"line":1109,"column":60}},"line":1109},"64":{"name":"(anonymous_64)","decl":{"start":{"line":1127,"column":35},"end":{"line":1127,"column":36}},"loc":{"start":{"line":1127,"column":42},"end":{"line":1127,"column":60}},"line":1127},"65":{"name":"(anonymous_65)","decl":{"start":{"line":1163,"column":35},"end":{"line":1163,"column":36}},"loc":{"start":{"line":1163,"column":42},"end":{"line":1163,"column":60}},"line":1163},"66":{"name":"(anonymous_66)","decl":{"start":{"line":1170,"column":37},"end":{"line":1170,"column":38}},"loc":{"start":{"line":1170,"column":44},"end":{"line":1170,"column":62}},"line":1170},"67":{"name":"(anonymous_67)","decl":{"start":{"line":1176,"column":37},"end":{"line":1176,"column":38}},"loc":{"start":{"line":1176,"column":44},"end":{"line":1176,"column":62}},"line":1176},"68":{"name":"(anonymous_68)","decl":{"start":{"line":1182,"column":37},"end":{"line":1182,"column":38}},"loc":{"start":{"line":1182,"column":44},"end":{"line":1182,"column":62}},"line":1182},"69":{"name":"(anonymous_69)","decl":{"start":{"line":1196,"column":35},"end":{"line":1196,"column":36}},"loc":{"start":{"line":1196,"column":42},"end":{"line":1196,"column":60}},"line":1196},"70":{"name":"(anonymous_70)","decl":{"start":{"line":1221,"column":35},"end":{"line":1221,"column":36}},"loc":{"start":{"line":1221,"column":42},"end":{"line":1221,"column":60}},"line":1221},"71":{"name":"(anonymous_71)","decl":{"start":{"line":1239,"column":35},"end":{"line":1239,"column":36}},"loc":{"start":{"line":1239,"column":42},"end":{"line":1239,"column":60}},"line":1239},"72":{"name":"(anonymous_72)","decl":{"start":{"line":1257,"column":35},"end":{"line":1257,"column":36}},"loc":{"start":{"line":1257,"column":42},"end":{"line":1257,"column":60}},"line":1257},"73":{"name":"(anonymous_73)","decl":{"start":{"line":1275,"column":35},"end":{"line":1275,"column":36}},"loc":{"start":{"line":1275,"column":42},"end":{"line":1275,"column":60}},"line":1275},"74":{"name":"(anonymous_74)","decl":{"start":{"line":1311,"column":35},"end":{"line":1311,"column":36}},"loc":{"start":{"line":1311,"column":42},"end":{"line":1311,"column":60}},"line":1311},"75":{"name":"(anonymous_75)","decl":{"start":{"line":1318,"column":37},"end":{"line":1318,"column":38}},"loc":{"start":{"line":1318,"column":44},"end":{"line":1318,"column":62}},"line":1318},"76":{"name":"(anonymous_76)","decl":{"start":{"line":1324,"column":37},"end":{"line":1324,"column":38}},"loc":{"start":{"line":1324,"column":44},"end":{"line":1324,"column":62}},"line":1324},"77":{"name":"(anonymous_77)","decl":{"start":{"line":1330,"column":37},"end":{"line":1330,"column":38}},"loc":{"start":{"line":1330,"column":44},"end":{"line":1330,"column":62}},"line":1330},"78":{"name":"(anonymous_78)","decl":{"start":{"line":1344,"column":35},"end":{"line":1344,"column":36}},"loc":{"start":{"line":1344,"column":42},"end":{"line":1344,"column":60}},"line":1344},"79":{"name":"(anonymous_79)","decl":{"start":{"line":1371,"column":35},"end":{"line":1371,"column":36}},"loc":{"start":{"line":1371,"column":42},"end":{"line":1371,"column":60}},"line":1371},"80":{"name":"(anonymous_80)","decl":{"start":{"line":1389,"column":35},"end":{"line":1389,"column":36}},"loc":{"start":{"line":1389,"column":42},"end":{"line":1389,"column":60}},"line":1389},"81":{"name":"(anonymous_81)","decl":{"start":{"line":1407,"column":35},"end":{"line":1407,"column":36}},"loc":{"start":{"line":1407,"column":42},"end":{"line":1407,"column":60}},"line":1407},"82":{"name":"(anonymous_82)","decl":{"start":{"line":1425,"column":35},"end":{"line":1425,"column":36}},"loc":{"start":{"line":1425,"column":42},"end":{"line":1425,"column":60}},"line":1425},"83":{"name":"(anonymous_83)","decl":{"start":{"line":1461,"column":35},"end":{"line":1461,"column":36}},"loc":{"start":{"line":1461,"column":42},"end":{"line":1461,"column":60}},"line":1461},"84":{"name":"(anonymous_84)","decl":{"start":{"line":1468,"column":37},"end":{"line":1468,"column":38}},"loc":{"start":{"line":1468,"column":44},"end":{"line":1468,"column":62}},"line":1468},"85":{"name":"(anonymous_85)","decl":{"start":{"line":1474,"column":37},"end":{"line":1474,"column":38}},"loc":{"start":{"line":1474,"column":44},"end":{"line":1474,"column":62}},"line":1474},"86":{"name":"(anonymous_86)","decl":{"start":{"line":1480,"column":37},"end":{"line":1480,"column":38}},"loc":{"start":{"line":1480,"column":44},"end":{"line":1480,"column":62}},"line":1480},"87":{"name":"(anonymous_87)","decl":{"start":{"line":1494,"column":35},"end":{"line":1494,"column":36}},"loc":{"start":{"line":1494,"column":42},"end":{"line":1494,"column":60}},"line":1494},"88":{"name":"(anonymous_88)","decl":{"start":{"line":1521,"column":35},"end":{"line":1521,"column":36}},"loc":{"start":{"line":1521,"column":42},"end":{"line":1521,"column":60}},"line":1521},"89":{"name":"(anonymous_89)","decl":{"start":{"line":1539,"column":35},"end":{"line":1539,"column":36}},"loc":{"start":{"line":1539,"column":42},"end":{"line":1539,"column":60}},"line":1539},"90":{"name":"(anonymous_90)","decl":{"start":{"line":1557,"column":35},"end":{"line":1557,"column":36}},"loc":{"start":{"line":1557,"column":42},"end":{"line":1557,"column":60}},"line":1557},"91":{"name":"(anonymous_91)","decl":{"start":{"line":1575,"column":35},"end":{"line":1575,"column":36}},"loc":{"start":{"line":1575,"column":42},"end":{"line":1575,"column":60}},"line":1575},"92":{"name":"(anonymous_92)","decl":{"start":{"line":1611,"column":35},"end":{"line":1611,"column":36}},"loc":{"start":{"line":1611,"column":42},"end":{"line":1611,"column":60}},"line":1611},"93":{"name":"(anonymous_93)","decl":{"start":{"line":1618,"column":37},"end":{"line":1618,"column":38}},"loc":{"start":{"line":1618,"column":44},"end":{"line":1618,"column":62}},"line":1618},"94":{"name":"(anonymous_94)","decl":{"start":{"line":1624,"column":37},"end":{"line":1624,"column":38}},"loc":{"start":{"line":1624,"column":44},"end":{"line":1624,"column":62}},"line":1624},"95":{"name":"(anonymous_95)","decl":{"start":{"line":1630,"column":37},"end":{"line":1630,"column":38}},"loc":{"start":{"line":1630,"column":44},"end":{"line":1630,"column":62}},"line":1630}},"branchMap":{},"s":{"0":0,"1":0,"2":0,"3":0,"4":0,"5":0,"6":0,"7":0,"8":0,"9":0,"10":0,"11":0,"12":0,"13":0,"14":0,"15":0,"16":0,"17":0,"18":0,"19":0,"20":0,"21":0,"22":0,"23":0,"24":0,"25":0,"26":0,"27":0,"28":0,"29":0,"30":0,"31":0,"32":0,"33":0,"34":0,"35":0,"36":0,"37":0,"38":0,"39":0,"40":0,"41":0,"42":0,"43":0,"44":0,"45":0,"46":0,"47":0,"48":0,"49":0,"50":0,"51":0,"52":0,"53":0,"54":0,"55":0,"56":0,"57":0,"58":0,"59":0,"60":0,"61":0,"62":0,"63":0,"64":0,"65":0,"66":0,"67":0,"68":0,"69":0,"70":0,"71":0,"72":0,"73":0,"74":0,"75":0,"76":0,"77":0,"78":0,"79":0,"80":0,"81":0,"82":0,"83":0,"84":0,"85":0,"86":0,"87":0,"88":0,"89":0,"90":0,"91":0,"92":0,"93":0,"94":0,"95":0,"96":0},"f":{"0":0,"1":0,"2":0,"3":0,"4":0,"5":0,"6":0,"7":0,"8":0,"9":0,"10":0,"11":0,"12":0,"13":0,"14":0,"15":0,"16":0,"17":0,"18":0,"19":0,"20":0,"21":0,"22":0,"23":0,"24":0,"25":0,"26":0,"27":0,"28":0,"29":0,"30":0,"31":0,"32":0,"33":0,"34":0,"35":0,"36":0,"37":0,"38":0,"39":0,"40":0,"41":0,"42":0,"43":0,"44":0,"45":0,"46":0,"47":0,"48":0,"49":0,"50":0,"51":0,"52":0,"53":0,"54":0,"55":0,"56":0,"57":0,"58":0,"59":0,"60":0,"61":0,"62":0,"63":0,"64":0,"65":0,"66":0,"67":0,"68":0,"69":0,"70":0,"71":0,"72":0,"73":0,"74":0,"75":0,"76":0,"77":0,"78":0,"79":0,"80":0,"81":0,"82":0,"83":0,"84":0,"85":0,"86":0,"87":0,"88":0,"89":0,"90":0,"91":0,"92":0,"93":0,"94":0,"95":0},"b":{}}
}
