TN:
SF:src\App.js
FN:31,(anonymous_0)
FNF:1
FNH:0
FNDA:0,(anonymous_0)
DA:31,0
DA:32,0
LF:2
LH:0
BRF:0
BRH:0
end_of_record
TN:
SF:src\ProtectedRoute.js
FN:5,(anonymous_0)
FN:10,(anonymous_1)
FN:14,(anonymous_2)
FN:23,(anonymous_3)
FNF:4
FNH:0
FNDA:0,(anonymous_0)
FNDA:0,(anonymous_1)
FNDA:0,(anonymous_2)
FNDA:0,(anonymous_3)
DA:5,0
DA:6,0
DA:7,0
DA:8,0
DA:10,0
DA:11,0
DA:14,0
DA:15,0
DA:16,0
DA:18,0
DA:19,0
DA:23,0
LF:12
LH:0
BRDA:15,0,0,0
BRDA:15,0,1,0
BRDA:18,1,0,0
BRDA:18,1,1,0
BRDA:18,2,0,0
BRDA:18,2,1,0
BRF:6
BRH:0
end_of_record
TN:
SF:src\babel.config.js
FNF:0
FNH:0
DA:1,0
LF:1
LH:0
BRF:0
BRH:0
end_of_record
TN:
SF:src\index.js
FNF:0
FNH:0
DA:22,0
DA:23,0
LF:2
LH:0
BRF:0
BRH:0
end_of_record
TN:
SF:src\routes.js
FNF:0
FNH:0
DA:28,0
LF:1
LH:0
BRF:0
BRH:0
end_of_record
TN:
SF:src\api\auth.js
FN:4,(anonymous_0)
FN:8,(anonymous_1)
FN:12,(anonymous_2)
FNF:3
FNH:0
FNDA:0,(anonymous_0)
FNDA:0,(anonymous_1)
FNDA:0,(anonymous_2)
DA:5,0
DA:9,0
DA:13,0
LF:3
LH:0
BRF:0
BRH:0
end_of_record
TN:
SF:src\api\doctor.js
FN:4,(anonymous_0)
FN:7,(anonymous_1)
FN:10,(anonymous_2)
FN:13,(anonymous_3)
FN:16,(anonymous_4)
FNF:5
FNH:0
FNDA:0,(anonymous_0)
FNDA:0,(anonymous_1)
FNDA:0,(anonymous_2)
FNDA:0,(anonymous_3)
FNDA:0,(anonymous_4)
DA:5,0
DA:8,0
DA:11,0
DA:14,0
DA:17,0
LF:5
LH:0
BRF:0
BRH:0
end_of_record
TN:
SF:src\api\index.js
FN:9,(anonymous_0)
FN:19,(anonymous_1)
FN:23,(anonymous_2)
FN:24,(anonymous_3)
FNF:4
FNH:0
FNDA:0,(anonymous_0)
FNDA:0,(anonymous_1)
FNDA:0,(anonymous_2)
FNDA:0,(anonymous_3)
DA:3,0
DA:8,0
DA:10,0
DA:11,0
DA:12,0
DA:13,0
DA:14,0
DA:17,0
DA:19,0
DA:22,0
DA:23,0
DA:24,0
LF:12
LH:0
BRDA:11,0,0,0
BRDA:11,0,1,0
BRDA:13,1,0,0
BRDA:13,1,1,0
BRF:4
BRH:0
end_of_record
TN:
SF:src\api\patient.js
FN:4,(anonymous_0)
FN:7,(anonymous_1)
FNF:2
FNH:0
FNDA:0,(anonymous_0)
FNDA:0,(anonymous_1)
DA:5,0
DA:8,0
LF:2
LH:0
BRF:0
BRH:0
end_of_record
TN:
SF:src\components\Footers\AdminFooter.js
FN:23,(anonymous_0)
FNF:1
FNH:0
FNDA:0,(anonymous_0)
DA:23,0
DA:24,0
LF:2
LH:0
BRF:0
BRH:0
end_of_record
TN:
SF:src\components\Footers\AuthFooter.js
FN:23,(anonymous_0)
FNF:1
FNH:0
FNDA:0,(anonymous_0)
DA:23,0
DA:24,0
LF:2
LH:0
BRF:0
BRH:0
end_of_record
TN:
SF:src\components\Headers\Header.js
FN:22,(anonymous_0)
FNF:1
FNH:1
FNDA:1,(anonymous_0)
DA:22,1
DA:23,1
LF:2
LH:2
BRF:0
BRH:0
end_of_record
TN:
SF:src\components\Headers\UserHeader.js
FN:22,(anonymous_0)
FNF:1
FNH:1
FNDA:1,(anonymous_0)
DA:22,1
DA:23,1
LF:2
LH:2
BRF:0
BRH:0
end_of_record
TN:
SF:src\components\Navbars\AdminNavbar.js
FN:33,(anonymous_0)
FN:37,(anonymous_1)
FN:82,(anonymous_2)
FNF:3
FNH:0
FNDA:0,(anonymous_0)
FNDA:0,(anonymous_1)
FNDA:0,(anonymous_2)
DA:33,0
DA:34,0
DA:35,0
DA:36,0
DA:37,0
DA:38,0
DA:39,0
DA:42,0
DA:82,0
LF:9
LH:0
BRDA:38,0,0,0
BRDA:38,0,1,0
BRDA:38,1,0,0
BRDA:38,1,1,0
BRF:4
BRH:0
end_of_record
TN:
SF:src\components\Navbars\AuthNavbar.js
FN:33,(anonymous_0)
FNF:1
FNH:0
FNDA:0,(anonymous_0)
DA:33,0
DA:34,0
DA:35,0
LF:3
LH:0
BRDA:71,0,0,0
BRDA:71,0,1,0
BRDA:71,1,0,0
BRDA:71,1,1,0
BRDA:97,2,0,0
BRDA:97,2,1,0
BRDA:97,3,0,0
BRDA:97,3,1,0
BRF:8
BRH:0
end_of_record
TN:
SF:src\components\Sidebar\Sidebar.js
FN:47,(anonymous_0)
FN:53,(anonymous_1)
FN:54,(anonymous_2)
FN:57,(anonymous_3)
FN:61,(anonymous_4)
FN:62,(anonymous_5)
FN:171,(anonymous_6)
FNF:7
FNH:0
FNDA:0,(anonymous_0)
FNDA:0,(anonymous_1)
FNDA:0,(anonymous_2)
FNDA:0,(anonymous_3)
FNDA:0,(anonymous_4)
FNDA:0,(anonymous_5)
FNDA:0,(anonymous_6)
DA:47,0
DA:48,0
DA:49,0
DA:50,0
DA:53,0
DA:54,0
DA:57,0
DA:58,0
DA:61,0
DA:62,0
DA:63,0
DA:64,0
DA:66,0
DA:83,0
DA:84,0
DA:88,0
DA:89,0
DA:95,0
DA:171,0
DA:235,0
DA:239,0
LF:21
LH:0
BRDA:63,0,0,0
BRDA:63,0,1,0
BRDA:83,1,0,0
BRDA:83,1,1,0
BRDA:83,2,0,0
BRDA:83,2,1,0
BRDA:88,3,0,0
BRDA:88,3,1,0
BRDA:88,4,0,0
BRDA:88,4,1,0
BRDA:111,5,0,0
BRDA:111,5,1,0
BRDA:184,6,0,0
BRDA:184,6,1,0
BRDA:186,7,0,0
BRDA:186,7,1,0
BRF:16
BRH:0
end_of_record
TN:
SF:src\context\UserContext.js
FN:13,(anonymous_0)
FN:17,(anonymous_1)
FN:21,(anonymous_2)
FN:25,(anonymous_3)
FN:29,(anonymous_4)
FN:39,(anonymous_5)
FN:53,(anonymous_6)
FNF:7
FNH:0
FNDA:0,(anonymous_0)
FNDA:0,(anonymous_1)
FNDA:0,(anonymous_2)
FNDA:0,(anonymous_3)
FNDA:0,(anonymous_4)
FNDA:0,(anonymous_5)
FNDA:0,(anonymous_6)
DA:11,0
DA:13,0
DA:15,0
DA:17,0
DA:18,0
DA:21,0
DA:22,0
DA:25,0
DA:26,0
DA:29,0
DA:30,0
DA:31,0
DA:32,0
DA:33,0
DA:38,0
DA:39,0
DA:47,0
DA:53,0
DA:55,0
DA:58,0
DA:59,0
DA:62,0
LF:22
LH:0
BRDA:31,0,0,0
BRDA:31,0,1,0
BRDA:31,1,0,0
BRDA:31,1,1,0
BRDA:58,2,0,0
BRDA:58,2,1,0
BRF:6
BRH:0
end_of_record
TN:
SF:src\layouts\Admin.js
FN:30,(anonymous_0)
FN:38,(anonymous_1)
FN:57,(anonymous_2)
FN:63,(anonymous_3)
FN:64,(anonymous_4)
FN:79,(anonymous_5)
FNF:6
FNH:0
FNDA:0,(anonymous_0)
FNDA:0,(anonymous_1)
FNDA:0,(anonymous_2)
FNDA:0,(anonymous_3)
FNDA:0,(anonymous_4)
FNDA:0,(anonymous_5)
DA:30,0
DA:31,0
DA:32,0
DA:33,0
DA:35,0
DA:36,0
DA:38,0
DA:39,0
DA:40,0
DA:42,0
DA:43,0
DA:45,0
DA:46,0
DA:48,0
DA:49,0
DA:51,0
DA:52,0
DA:57,0
DA:58,0
DA:59,0
DA:60,0
DA:63,0
DA:64,0
DA:65,0
DA:66,0
DA:74,0
DA:79,0
DA:80,0
DA:81,0
DA:85,0
DA:88,0
DA:91,0
LF:32
LH:0
BRDA:39,0,0,0
BRDA:39,0,1,0
BRDA:39,1,0,0
BRDA:39,1,1,0
BRDA:40,2,0,0
BRDA:40,2,1,0
BRDA:40,2,2,0
BRDA:40,2,3,0
BRDA:65,3,0,0
BRDA:65,3,1,0
BRDA:81,4,0,0
BRDA:81,4,1,0
BRF:12
BRH:0
end_of_record
TN:
SF:src\layouts\Auth.js
FN:29,(anonymous_0)
FN:33,(anonymous_1)
FN:35,(anonymous_2)
FN:39,(anonymous_3)
FN:45,(anonymous_4)
FN:46,(anonymous_5)
FNF:6
FNH:0
FNDA:0,(anonymous_0)
FNDA:0,(anonymous_1)
FNDA:0,(anonymous_2)
FNDA:0,(anonymous_3)
FNDA:0,(anonymous_4)
FNDA:0,(anonymous_5)
DA:29,0
DA:30,0
DA:31,0
DA:33,0
DA:34,0
DA:35,0
DA:36,0
DA:39,0
DA:40,0
DA:41,0
DA:42,0
DA:45,0
DA:46,0
DA:47,0
DA:48,0
DA:56,0
DA:61,0
LF:17
LH:0
BRDA:47,0,0,0
BRDA:47,0,1,0
BRF:2
BRH:0
end_of_record
TN:
SF:src\variables\charts.js
FN:24,(anonymous_0)
FN:101,cornerAt
FN:184,chartOptions
FN:235,(anonymous_3)
FN:239,(anonymous_4)
FN:274,(anonymous_5)
FN:298,parseOptions
FN:319,(anonymous_7)
FN:330,(anonymous_8)
FN:345,(anonymous_9)
FN:356,(anonymous_10)
FN:376,(anonymous_11)
FN:388,(anonymous_12)
FNF:13
FNH:0
FNDA:0,(anonymous_0)
FNDA:0,cornerAt
FNDA:0,chartOptions
FNDA:0,(anonymous_3)
FNDA:0,(anonymous_4)
FNDA:0,(anonymous_5)
FNDA:0,parseOptions
FNDA:0,(anonymous_7)
FNDA:0,(anonymous_8)
FNDA:0,(anonymous_9)
FNDA:0,(anonymous_10)
FNDA:0,(anonymous_11)
FNDA:0,(anonymous_12)
DA:18,0
DA:24,0
DA:25,0
DA:26,0
DA:28,0
DA:31,0
DA:33,0
DA:35,0
DA:36,0
DA:37,0
DA:38,0
DA:39,0
DA:40,0
DA:41,0
DA:44,0
DA:45,0
DA:46,0
DA:47,0
DA:48,0
DA:49,0
DA:50,0
DA:55,0
DA:57,0
DA:58,0
DA:59,0
DA:61,0
DA:63,0
DA:64,0
DA:66,0
DA:68,0
DA:69,0
DA:70,0
DA:73,0
DA:74,0
DA:75,0
DA:79,0
DA:80,0
DA:81,0
DA:82,0
DA:87,0
DA:95,0
DA:96,0
DA:97,0
DA:98,0
DA:102,0
DA:106,0
DA:107,0
DA:109,0
DA:110,0
DA:111,0
DA:112,0
DA:113,0
DA:117,0
DA:118,0
DA:119,0
DA:120,0
DA:122,0
DA:125,0
DA:126,0
DA:128,0
DA:129,0
DA:132,0
DA:133,0
DA:134,0
DA:135,0
DA:136,0
DA:137,0
DA:138,0
DA:139,0
DA:140,0
DA:143,0
DA:144,0
DA:145,0
DA:149,0
DA:150,0
DA:155,0
DA:186,0
DA:236,0
DA:237,0
DA:239,0
DA:240,0
DA:242,0
DA:243,0
DA:247,0
DA:248,0
DA:251,0
DA:258,0
DA:275,0
DA:276,0
DA:283,0
DA:294,0
DA:299,0
DA:300,0
DA:301,0
DA:303,0
DA:309,0
DA:320,0
DA:321,0
DA:331,0
DA:332,0
DA:333,0
DA:335,0
DA:336,0
DA:339,0
DA:340,0
DA:346,0
DA:357,0
DA:370,0
DA:377,0
DA:379,0
DA:389,0
DA:390,0
DA:391,0
DA:392,0
DA:393,0
DA:395,0
DA:396,0
DA:413,0
LF:118
LH:0
BRDA:33,0,0,0
BRDA:33,0,1,0
BRDA:40,1,0,0
BRDA:40,1,1,0
BRDA:41,2,0,0
BRDA:41,2,1,0
BRDA:48,3,0,0
BRDA:48,3,1,0
BRDA:50,4,0,0
BRDA:50,4,1,0
BRDA:55,5,0,0
BRDA:55,5,1,0
BRDA:58,6,0,0
BRDA:58,6,1,0
BRDA:61,7,0,0
BRDA:61,7,1,0
BRDA:63,8,0,0
BRDA:63,8,1,0
BRDA:64,9,0,0
BRDA:64,9,1,0
BRDA:66,10,0,0
BRDA:66,10,1,0
BRDA:68,11,0,0
BRDA:68,11,1,0
BRDA:73,12,0,0
BRDA:73,12,1,0
BRDA:97,13,0,0
BRDA:97,13,1,0
BRDA:112,14,0,0
BRDA:112,14,1,0
BRDA:125,15,0,0
BRDA:125,15,1,0
BRDA:128,16,0,0
BRDA:128,16,1,0
BRDA:144,17,0,0
BRDA:144,17,1,0
BRDA:191,18,0,0
BRDA:191,18,1,0
BRDA:192,19,0,0
BRDA:192,19,1,0
BRDA:223,20,0,0
BRDA:223,20,1,0
BRDA:262,21,0,0
BRDA:262,21,1,0
BRDA:267,22,0,0
BRDA:267,22,1,0
BRDA:275,23,0,0
BRDA:275,23,1,0
BRDA:300,24,0,0
BRDA:300,24,1,0
BRDA:320,25,0,0
BRDA:320,25,1,0
BRDA:331,26,0,0
BRDA:331,26,1,0
BRDA:335,27,0,0
BRDA:335,27,1,0
BRDA:377,28,0,0
BRDA:377,28,1,0
BRDA:389,29,0,0
BRDA:389,29,1,0
BRDA:392,30,0,0
BRDA:392,30,1,0
BRF:62
BRH:0
end_of_record
TN:
SF:src\views\Index.js
FN:51,(anonymous_0)
FN:59,(anonymous_1)
FN:88,(anonymous_2)
FN:101,(anonymous_3)
FN:117,(anonymous_4)
FN:159,(anonymous_5)
FN:235,(anonymous_6)
FNF:7
FNH:0
FNDA:0,(anonymous_0)
FNDA:0,(anonymous_1)
FNDA:0,(anonymous_2)
FNDA:0,(anonymous_3)
FNDA:0,(anonymous_4)
FNDA:0,(anonymous_5)
FNDA:0,(anonymous_6)
DA:51,0
DA:52,0
DA:53,0
DA:55,0
DA:56,0
DA:59,0
DA:60,0
DA:61,0
DA:62,0
DA:64,0
DA:88,0
DA:101,0
DA:117,0
DA:159,0
DA:235,0
LF:15
LH:0
BRDA:55,0,0,0
BRDA:55,0,1,0
BRF:2
BRH:0
end_of_record
TN:
SF:src\views\dashboard\CreateAppointment.js
FN:22,(anonymous_0)
FN:27,(anonymous_1)
FN:28,(anonymous_2)
FN:34,(anonymous_3)
FN:43,(anonymous_4)
FN:56,(anonymous_5)
FN:57,(anonymous_6)
FN:83,(anonymous_7)
FN:88,(anonymous_8)
FN:96,(anonymous_9)
FN:170,(anonymous_10)
FNF:11
FNH:0
FNDA:0,(anonymous_0)
FNDA:0,(anonymous_1)
FNDA:0,(anonymous_2)
FNDA:0,(anonymous_3)
FNDA:0,(anonymous_4)
FNDA:0,(anonymous_5)
FNDA:0,(anonymous_6)
FNDA:0,(anonymous_7)
FNDA:0,(anonymous_8)
FNDA:0,(anonymous_9)
FNDA:0,(anonymous_10)
DA:22,0
DA:23,0
DA:24,0
DA:25,0
DA:26,0
DA:27,0
DA:28,0
DA:29,0
DA:31,0
DA:34,0
DA:35,0
DA:36,0
DA:37,0
DA:39,0
DA:43,0
DA:44,0
DA:45,0
DA:47,0
DA:48,0
DA:49,0
DA:50,0
DA:52,0
DA:56,0
DA:57,0
DA:58,0
DA:60,0
DA:63,0
DA:65,0
DA:83,0
DA:89,0
DA:97,0
DA:98,0
DA:170,0
LF:33
LH:0
BRDA:44,0,0,0
BRDA:44,0,1,0
BRDA:83,1,0,0
BRDA:83,1,1,0
BRDA:96,2,0,0
BRDA:96,2,1,0
BRDA:96,3,0,0
BRDA:96,3,1,0
BRDA:122,4,0,0
BRDA:122,4,1,0
BRDA:162,5,0,0
BRDA:162,5,1,0
BRF:12
BRH:0
end_of_record
TN:
SF:src\views\dashboard\DoctorSchedule.js
FN:29,(anonymous_0)
FN:40,(anonymous_1)
FN:41,(anonymous_2)
FN:52,(anonymous_3)
FN:61,(anonymous_4)
FN:87,(anonymous_5)
FN:108,(anonymous_6)
FN:116,(anonymous_7)
FNF:8
FNH:0
FNDA:0,(anonymous_0)
FNDA:0,(anonymous_1)
FNDA:0,(anonymous_2)
FNDA:0,(anonymous_3)
FNDA:0,(anonymous_4)
FNDA:0,(anonymous_5)
FNDA:0,(anonymous_6)
FNDA:0,(anonymous_7)
DA:29,0
DA:30,0
DA:40,0
DA:41,0
DA:42,0
DA:43,0
DA:44,0
DA:45,0
DA:46,0
DA:49,0
DA:52,0
DA:53,0
DA:54,0
DA:55,0
DA:57,0
DA:61,0
DA:62,0
DA:64,0
DA:88,0
DA:108,0
DA:116,0
LF:21
LH:0
BRDA:42,0,0,0
BRDA:42,0,1,0
BRDA:43,1,0,0
BRDA:43,1,1,0
BRDA:45,2,0,0
BRDA:45,2,1,0
BRF:6
BRH:0
end_of_record
TN:
SF:src\views\examples\Icons.js
FN:34,(anonymous_0)
FN:53,(anonymous_1)
FN:79,(anonymous_2)
FN:106,(anonymous_3)
FN:133,(anonymous_4)
FN:160,(anonymous_5)
FN:187,(anonymous_6)
FN:214,(anonymous_7)
FN:241,(anonymous_8)
FN:268,(anonymous_9)
FN:295,(anonymous_10)
FN:322,(anonymous_11)
FN:349,(anonymous_12)
FN:376,(anonymous_13)
FN:403,(anonymous_14)
FN:430,(anonymous_15)
FN:457,(anonymous_16)
FN:484,(anonymous_17)
FN:511,(anonymous_18)
FN:538,(anonymous_19)
FN:565,(anonymous_20)
FN:592,(anonymous_21)
FN:619,(anonymous_22)
FN:646,(anonymous_23)
FN:673,(anonymous_24)
FN:700,(anonymous_25)
FN:727,(anonymous_26)
FN:754,(anonymous_27)
FN:781,(anonymous_28)
FN:808,(anonymous_29)
FN:835,(anonymous_30)
FN:862,(anonymous_31)
FN:889,(anonymous_32)
FN:916,(anonymous_33)
FN:943,(anonymous_34)
FN:970,(anonymous_35)
FN:997,(anonymous_36)
FN:1024,(anonymous_37)
FN:1051,(anonymous_38)
FN:1078,(anonymous_39)
FN:1105,(anonymous_40)
FN:1132,(anonymous_41)
FN:1159,(anonymous_42)
FN:1186,(anonymous_43)
FN:1213,(anonymous_44)
FN:1240,(anonymous_45)
FN:1267,(anonymous_46)
FN:1294,(anonymous_47)
FN:1321,(anonymous_48)
FN:1348,(anonymous_49)
FN:1375,(anonymous_50)
FN:1402,(anonymous_51)
FN:1429,(anonymous_52)
FN:1456,(anonymous_53)
FN:1483,(anonymous_54)
FN:1510,(anonymous_55)
FN:1537,(anonymous_56)
FN:1564,(anonymous_57)
FN:1591,(anonymous_58)
FN:1618,(anonymous_59)
FN:1645,(anonymous_60)
FN:1672,(anonymous_61)
FN:1699,(anonymous_62)
FN:1726,(anonymous_63)
FN:1753,(anonymous_64)
FN:1780,(anonymous_65)
FN:1807,(anonymous_66)
FN:1834,(anonymous_67)
FN:1861,(anonymous_68)
FN:1888,(anonymous_69)
FN:1915,(anonymous_70)
FN:1942,(anonymous_71)
FN:1969,(anonymous_72)
FN:1996,(anonymous_73)
FN:2023,(anonymous_74)
FN:2050,(anonymous_75)
FN:2077,(anonymous_76)
FN:2104,(anonymous_77)
FN:2131,(anonymous_78)
FN:2158,(anonymous_79)
FN:2185,(anonymous_80)
FN:2212,(anonymous_81)
FN:2239,(anonymous_82)
FN:2266,(anonymous_83)
FN:2293,(anonymous_84)
FN:2320,(anonymous_85)
FN:2347,(anonymous_86)
FN:2374,(anonymous_87)
FN:2401,(anonymous_88)
FN:2428,(anonymous_89)
FN:2455,(anonymous_90)
FN:2482,(anonymous_91)
FN:2509,(anonymous_92)
FN:2536,(anonymous_93)
FN:2563,(anonymous_94)
FN:2590,(anonymous_95)
FN:2617,(anonymous_96)
FN:2644,(anonymous_97)
FN:2671,(anonymous_98)
FN:2698,(anonymous_99)
FN:2725,(anonymous_100)
FN:2752,(anonymous_101)
FNF:102
FNH:0
FNDA:0,(anonymous_0)
FNDA:0,(anonymous_1)
FNDA:0,(anonymous_2)
FNDA:0,(anonymous_3)
FNDA:0,(anonymous_4)
FNDA:0,(anonymous_5)
FNDA:0,(anonymous_6)
FNDA:0,(anonymous_7)
FNDA:0,(anonymous_8)
FNDA:0,(anonymous_9)
FNDA:0,(anonymous_10)
FNDA:0,(anonymous_11)
FNDA:0,(anonymous_12)
FNDA:0,(anonymous_13)
FNDA:0,(anonymous_14)
FNDA:0,(anonymous_15)
FNDA:0,(anonymous_16)
FNDA:0,(anonymous_17)
FNDA:0,(anonymous_18)
FNDA:0,(anonymous_19)
FNDA:0,(anonymous_20)
FNDA:0,(anonymous_21)
FNDA:0,(anonymous_22)
FNDA:0,(anonymous_23)
FNDA:0,(anonymous_24)
FNDA:0,(anonymous_25)
FNDA:0,(anonymous_26)
FNDA:0,(anonymous_27)
FNDA:0,(anonymous_28)
FNDA:0,(anonymous_29)
FNDA:0,(anonymous_30)
FNDA:0,(anonymous_31)
FNDA:0,(anonymous_32)
FNDA:0,(anonymous_33)
FNDA:0,(anonymous_34)
FNDA:0,(anonymous_35)
FNDA:0,(anonymous_36)
FNDA:0,(anonymous_37)
FNDA:0,(anonymous_38)
FNDA:0,(anonymous_39)
FNDA:0,(anonymous_40)
FNDA:0,(anonymous_41)
FNDA:0,(anonymous_42)
FNDA:0,(anonymous_43)
FNDA:0,(anonymous_44)
FNDA:0,(anonymous_45)
FNDA:0,(anonymous_46)
FNDA:0,(anonymous_47)
FNDA:0,(anonymous_48)
FNDA:0,(anonymous_49)
FNDA:0,(anonymous_50)
FNDA:0,(anonymous_51)
FNDA:0,(anonymous_52)
FNDA:0,(anonymous_53)
FNDA:0,(anonymous_54)
FNDA:0,(anonymous_55)
FNDA:0,(anonymous_56)
FNDA:0,(anonymous_57)
FNDA:0,(anonymous_58)
FNDA:0,(anonymous_59)
FNDA:0,(anonymous_60)
FNDA:0,(anonymous_61)
FNDA:0,(anonymous_62)
FNDA:0,(anonymous_63)
FNDA:0,(anonymous_64)
FNDA:0,(anonymous_65)
FNDA:0,(anonymous_66)
FNDA:0,(anonymous_67)
FNDA:0,(anonymous_68)
FNDA:0,(anonymous_69)
FNDA:0,(anonymous_70)
FNDA:0,(anonymous_71)
FNDA:0,(anonymous_72)
FNDA:0,(anonymous_73)
FNDA:0,(anonymous_74)
FNDA:0,(anonymous_75)
FNDA:0,(anonymous_76)
FNDA:0,(anonymous_77)
FNDA:0,(anonymous_78)
FNDA:0,(anonymous_79)
FNDA:0,(anonymous_80)
FNDA:0,(anonymous_81)
FNDA:0,(anonymous_82)
FNDA:0,(anonymous_83)
FNDA:0,(anonymous_84)
FNDA:0,(anonymous_85)
FNDA:0,(anonymous_86)
FNDA:0,(anonymous_87)
FNDA:0,(anonymous_88)
FNDA:0,(anonymous_89)
FNDA:0,(anonymous_90)
FNDA:0,(anonymous_91)
FNDA:0,(anonymous_92)
FNDA:0,(anonymous_93)
FNDA:0,(anonymous_94)
FNDA:0,(anonymous_95)
FNDA:0,(anonymous_96)
FNDA:0,(anonymous_97)
FNDA:0,(anonymous_98)
FNDA:0,(anonymous_99)
FNDA:0,(anonymous_100)
FNDA:0,(anonymous_101)
DA:34,0
DA:35,0
DA:36,0
DA:53,0
DA:79,0
DA:106,0
DA:133,0
DA:160,0
DA:187,0
DA:214,0
DA:241,0
DA:268,0
DA:295,0
DA:322,0
DA:349,0
DA:376,0
DA:403,0
DA:430,0
DA:457,0
DA:484,0
DA:511,0
DA:538,0
DA:565,0
DA:592,0
DA:619,0
DA:646,0
DA:673,0
DA:700,0
DA:727,0
DA:754,0
DA:781,0
DA:808,0
DA:835,0
DA:862,0
DA:889,0
DA:916,0
DA:943,0
DA:970,0
DA:997,0
DA:1024,0
DA:1051,0
DA:1078,0
DA:1105,0
DA:1132,0
DA:1159,0
DA:1186,0
DA:1213,0
DA:1240,0
DA:1267,0
DA:1294,0
DA:1321,0
DA:1348,0
DA:1375,0
DA:1402,0
DA:1429,0
DA:1456,0
DA:1483,0
DA:1510,0
DA:1537,0
DA:1564,0
DA:1591,0
DA:1618,0
DA:1645,0
DA:1672,0
DA:1699,0
DA:1726,0
DA:1753,0
DA:1780,0
DA:1807,0
DA:1834,0
DA:1861,0
DA:1888,0
DA:1915,0
DA:1942,0
DA:1969,0
DA:1996,0
DA:2023,0
DA:2050,0
DA:2077,0
DA:2104,0
DA:2131,0
DA:2158,0
DA:2185,0
DA:2212,0
DA:2239,0
DA:2266,0
DA:2293,0
DA:2320,0
DA:2347,0
DA:2374,0
DA:2401,0
DA:2428,0
DA:2455,0
DA:2482,0
DA:2509,0
DA:2536,0
DA:2563,0
DA:2590,0
DA:2617,0
DA:2644,0
DA:2671,0
DA:2698,0
DA:2725,0
DA:2752,0
LF:104
LH:0
BRDA:71,0,0,0
BRDA:71,0,1,0
BRDA:98,1,0,0
BRDA:98,1,1,0
BRDA:125,2,0,0
BRDA:125,2,1,0
BRDA:152,3,0,0
BRDA:152,3,1,0
BRDA:179,4,0,0
BRDA:179,4,1,0
BRDA:206,5,0,0
BRDA:206,5,1,0
BRDA:233,6,0,0
BRDA:233,6,1,0
BRDA:260,7,0,0
BRDA:260,7,1,0
BRDA:287,8,0,0
BRDA:287,8,1,0
BRDA:314,9,0,0
BRDA:314,9,1,0
BRDA:341,10,0,0
BRDA:341,10,1,0
BRDA:368,11,0,0
BRDA:368,11,1,0
BRDA:395,12,0,0
BRDA:395,12,1,0
BRDA:422,13,0,0
BRDA:422,13,1,0
BRDA:449,14,0,0
BRDA:449,14,1,0
BRDA:476,15,0,0
BRDA:476,15,1,0
BRDA:503,16,0,0
BRDA:503,16,1,0
BRDA:530,17,0,0
BRDA:530,17,1,0
BRDA:557,18,0,0
BRDA:557,18,1,0
BRDA:584,19,0,0
BRDA:584,19,1,0
BRDA:611,20,0,0
BRDA:611,20,1,0
BRDA:638,21,0,0
BRDA:638,21,1,0
BRDA:665,22,0,0
BRDA:665,22,1,0
BRDA:692,23,0,0
BRDA:692,23,1,0
BRDA:719,24,0,0
BRDA:719,24,1,0
BRDA:746,25,0,0
BRDA:746,25,1,0
BRDA:773,26,0,0
BRDA:773,26,1,0
BRDA:800,27,0,0
BRDA:800,27,1,0
BRDA:827,28,0,0
BRDA:827,28,1,0
BRDA:854,29,0,0
BRDA:854,29,1,0
BRDA:881,30,0,0
BRDA:881,30,1,0
BRDA:908,31,0,0
BRDA:908,31,1,0
BRDA:935,32,0,0
BRDA:935,32,1,0
BRDA:962,33,0,0
BRDA:962,33,1,0
BRDA:989,34,0,0
BRDA:989,34,1,0
BRDA:1016,35,0,0
BRDA:1016,35,1,0
BRDA:1043,36,0,0
BRDA:1043,36,1,0
BRDA:1070,37,0,0
BRDA:1070,37,1,0
BRDA:1097,38,0,0
BRDA:1097,38,1,0
BRDA:1124,39,0,0
BRDA:1124,39,1,0
BRDA:1151,40,0,0
BRDA:1151,40,1,0
BRDA:1178,41,0,0
BRDA:1178,41,1,0
BRDA:1205,42,0,0
BRDA:1205,42,1,0
BRDA:1232,43,0,0
BRDA:1232,43,1,0
BRDA:1259,44,0,0
BRDA:1259,44,1,0
BRDA:1286,45,0,0
BRDA:1286,45,1,0
BRDA:1313,46,0,0
BRDA:1313,46,1,0
BRDA:1340,47,0,0
BRDA:1340,47,1,0
BRDA:1367,48,0,0
BRDA:1367,48,1,0
BRDA:1394,49,0,0
BRDA:1394,49,1,0
BRDA:1421,50,0,0
BRDA:1421,50,1,0
BRDA:1448,51,0,0
BRDA:1448,51,1,0
BRDA:1475,52,0,0
BRDA:1475,52,1,0
BRDA:1502,53,0,0
BRDA:1502,53,1,0
BRDA:1529,54,0,0
BRDA:1529,54,1,0
BRDA:1556,55,0,0
BRDA:1556,55,1,0
BRDA:1583,56,0,0
BRDA:1583,56,1,0
BRDA:1610,57,0,0
BRDA:1610,57,1,0
BRDA:1637,58,0,0
BRDA:1637,58,1,0
BRDA:1664,59,0,0
BRDA:1664,59,1,0
BRDA:1691,60,0,0
BRDA:1691,60,1,0
BRDA:1718,61,0,0
BRDA:1718,61,1,0
BRDA:1745,62,0,0
BRDA:1745,62,1,0
BRDA:1772,63,0,0
BRDA:1772,63,1,0
BRDA:1799,64,0,0
BRDA:1799,64,1,0
BRDA:1826,65,0,0
BRDA:1826,65,1,0
BRDA:1853,66,0,0
BRDA:1853,66,1,0
BRDA:1880,67,0,0
BRDA:1880,67,1,0
BRDA:1907,68,0,0
BRDA:1907,68,1,0
BRDA:1934,69,0,0
BRDA:1934,69,1,0
BRDA:1961,70,0,0
BRDA:1961,70,1,0
BRDA:1988,71,0,0
BRDA:1988,71,1,0
BRDA:2015,72,0,0
BRDA:2015,72,1,0
BRDA:2042,73,0,0
BRDA:2042,73,1,0
BRDA:2069,74,0,0
BRDA:2069,74,1,0
BRDA:2096,75,0,0
BRDA:2096,75,1,0
BRDA:2123,76,0,0
BRDA:2123,76,1,0
BRDA:2150,77,0,0
BRDA:2150,77,1,0
BRDA:2177,78,0,0
BRDA:2177,78,1,0
BRDA:2204,79,0,0
BRDA:2204,79,1,0
BRDA:2231,80,0,0
BRDA:2231,80,1,0
BRDA:2258,81,0,0
BRDA:2258,81,1,0
BRDA:2285,82,0,0
BRDA:2285,82,1,0
BRDA:2312,83,0,0
BRDA:2312,83,1,0
BRDA:2339,84,0,0
BRDA:2339,84,1,0
BRDA:2366,85,0,0
BRDA:2366,85,1,0
BRDA:2393,86,0,0
BRDA:2393,86,1,0
BRDA:2420,87,0,0
BRDA:2420,87,1,0
BRDA:2447,88,0,0
BRDA:2447,88,1,0
BRDA:2474,89,0,0
BRDA:2474,89,1,0
BRDA:2501,90,0,0
BRDA:2501,90,1,0
BRDA:2528,91,0,0
BRDA:2528,91,1,0
BRDA:2555,92,0,0
BRDA:2555,92,1,0
BRDA:2582,93,0,0
BRDA:2582,93,1,0
BRDA:2609,94,0,0
BRDA:2609,94,1,0
BRDA:2636,95,0,0
BRDA:2636,95,1,0
BRDA:2663,96,0,0
BRDA:2663,96,1,0
BRDA:2690,97,0,0
BRDA:2690,97,1,0
BRDA:2717,98,0,0
BRDA:2717,98,1,0
BRDA:2744,99,0,0
BRDA:2744,99,1,0
BRDA:2771,100,0,0
BRDA:2771,100,1,0
BRF:202
BRH:0
end_of_record
TN:
SF:src\views\examples\Login.js
FN:37,(anonymous_0)
FN:45,(anonymous_1)
FN:49,(anonymous_2)
FN:93,(anonymous_3)
FN:105,(anonymous_4)
FN:115,(anonymous_5)
FNF:6
FNH:0
FNDA:0,(anonymous_0)
FNDA:0,(anonymous_1)
FNDA:0,(anonymous_2)
FNDA:0,(anonymous_3)
FNDA:0,(anonymous_4)
FNDA:0,(anonymous_5)
DA:37,0
DA:38,0
DA:39,0
DA:40,0
DA:41,0
DA:42,0
DA:43,0
DA:45,0
DA:46,0
DA:49,0
DA:50,0
DA:51,0
DA:52,0
DA:54,0
DA:55,0
DA:59,0
DA:60,0
DA:61,0
DA:65,0
DA:66,0
DA:68,0
DA:69,0
DA:70,0
DA:72,0
DA:76,0
DA:93,0
DA:105,0
DA:115,0
LF:28
LH:0
BRDA:50,0,0,0
BRDA:50,0,1,0
BRDA:51,1,0,0
BRDA:51,1,1,0
BRDA:51,2,0,0
BRDA:51,2,1,0
BRDA:69,3,0,0
BRDA:69,3,1,0
BRDA:69,4,0,0
BRDA:69,4,1,0
BRDA:69,4,2,0
BRDA:107,5,0,0
BRDA:107,5,1,0
BRDA:117,6,0,0
BRDA:117,6,1,0
BRDA:135,7,0,0
BRDA:135,7,1,0
BRF:17
BRH:0
end_of_record
TN:
SF:src\views\examples\Logout.js
FN:5,(anonymous_0)
FN:9,(anonymous_1)
FNF:2
FNH:0
FNDA:0,(anonymous_0)
FNDA:0,(anonymous_1)
DA:5,0
DA:6,0
DA:7,0
DA:9,0
DA:10,0
DA:11,0
DA:12,0
DA:15,0
LF:8
LH:0
BRF:0
BRH:0
end_of_record
TN:
SF:src\views\examples\Profile.js
FN:43,(anonymous_0)
FN:49,(anonymous_1)
FN:60,(anonymous_2)
FN:76,(anonymous_3)
FN:97,(anonymous_4)
FN:146,(anonymous_5)
FN:237,(anonymous_6)
FN:275,(anonymous_7)
FN:293,(anonymous_8)
FN:311,(anonymous_9)
FNF:10
FNH:0
FNDA:0,(anonymous_0)
FNDA:0,(anonymous_1)
FNDA:0,(anonymous_2)
FNDA:0,(anonymous_3)
FNDA:0,(anonymous_4)
FNDA:0,(anonymous_5)
FNDA:0,(anonymous_6)
FNDA:0,(anonymous_7)
FNDA:0,(anonymous_8)
FNDA:0,(anonymous_9)
DA:43,0
DA:44,0
DA:45,0
DA:46,0
DA:49,0
DA:50,0
DA:51,0
DA:52,0
DA:53,0
DA:54,0
DA:55,0
DA:56,0
DA:57,0
DA:58,0
DA:60,0
DA:61,0
DA:62,0
DA:63,0
DA:64,0
DA:65,0
DA:66,0
DA:67,0
DA:68,0
DA:70,0
DA:76,0
DA:77,0
DA:78,0
DA:87,0
DA:88,0
DA:90,0
DA:93,0
DA:97,0
DA:98,0
DA:113,0
DA:114,0
DA:115,0
DA:119,0
DA:120,0
DA:121,0
DA:122,0
DA:124,0
DA:126,0
DA:135,0
DA:146,0
DA:237,0
DA:275,0
DA:293,0
DA:311,0
LF:48
LH:0
BRDA:62,0,0,0
BRDA:62,0,1,0
BRDA:62,1,0,0
BRDA:62,1,1,0
BRDA:67,2,0,0
BRDA:67,2,1,0
BRDA:87,3,0,0
BRDA:87,3,1,0
BRDA:113,4,0,0
BRDA:113,4,1,0
BRDA:119,5,0,0
BRDA:119,5,1,0
BRDA:121,6,0,0
BRDA:121,6,1,0
BRF:14
BRH:0
end_of_record
TN:
SF:src\views\examples\Register.js
FN:44,(anonymous_0)
FN:46,(anonymous_1)
FN:51,(anonymous_2)
FN:70,(anonymous_3)
FN:74,(anonymous_4)
FN:86,(anonymous_5)
FN:116,(anonymous_6)
FN:150,(anonymous_7)
FN:159,(anonymous_8)
FN:191,(anonymous_9)
FN:201,(anonymous_10)
FN:213,(anonymous_11)
FN:231,(anonymous_12)
FN:260,(anonymous_13)
FN:274,(anonymous_14)
FN:288,(anonymous_15)
FN:300,(anonymous_16)
FN:310,(anonymous_17)
FN:322,(anonymous_18)
FN:332,(anonymous_19)
FN:348,(anonymous_20)
FN:369,(anonymous_21)
FN:403,(anonymous_22)
FN:419,(anonymous_23)
FN:420,(anonymous_24)
FN:426,(anonymous_25)
FN:435,uploadFile
FN:454,(anonymous_27)
FN:462,(anonymous_28)
FN:511,(anonymous_29)
FN:516,(anonymous_30)
FN:529,(anonymous_31)
FN:556,(anonymous_32)
FNF:33
FNH:0
FNDA:0,(anonymous_0)
FNDA:0,(anonymous_1)
FNDA:0,(anonymous_2)
FNDA:0,(anonymous_3)
FNDA:0,(anonymous_4)
FNDA:0,(anonymous_5)
FNDA:0,(anonymous_6)
FNDA:0,(anonymous_7)
FNDA:0,(anonymous_8)
FNDA:0,(anonymous_9)
FNDA:0,(anonymous_10)
FNDA:0,(anonymous_11)
FNDA:0,(anonymous_12)
FNDA:0,(anonymous_13)
FNDA:0,(anonymous_14)
FNDA:0,(anonymous_15)
FNDA:0,(anonymous_16)
FNDA:0,(anonymous_17)
FNDA:0,(anonymous_18)
FNDA:0,(anonymous_19)
FNDA:0,(anonymous_20)
FNDA:0,(anonymous_21)
FNDA:0,(anonymous_22)
FNDA:0,(anonymous_23)
FNDA:0,(anonymous_24)
FNDA:0,(anonymous_25)
FNDA:0,uploadFile
FNDA:0,(anonymous_27)
FNDA:0,(anonymous_28)
FNDA:0,(anonymous_29)
FNDA:0,(anonymous_30)
FNDA:0,(anonymous_31)
FNDA:0,(anonymous_32)
DA:44,0
DA:45,0
DA:46,0
DA:47,0
DA:49,0
DA:51,0
DA:52,0
DA:53,0
DA:54,0
DA:55,0
DA:56,0
DA:57,0
DA:58,0
DA:59,0
DA:60,0
DA:61,0
DA:63,0
DA:64,0
DA:65,0
DA:70,0
DA:71,0
DA:74,0
DA:75,0
DA:76,0
DA:77,0
DA:79,0
DA:80,0
DA:82,0
DA:86,0
DA:87,0
DA:88,0
DA:90,0
DA:98,0
DA:99,0
DA:101,0
DA:102,0
DA:103,0
DA:105,0
DA:106,0
DA:107,0
DA:109,0
DA:110,0
DA:111,0
DA:113,0
DA:116,0
DA:117,0
DA:118,0
DA:119,0
DA:128,0
DA:129,0
DA:133,0
DA:134,0
DA:138,0
DA:139,0
DA:141,0
DA:142,0
DA:143,0
DA:144,0
DA:146,0
DA:150,0
DA:151,0
DA:152,0
DA:155,0
DA:159,0
DA:191,0
DA:192,0
DA:201,0
DA:213,0
DA:231,0
DA:245,0
DA:260,0
DA:274,0
DA:288,0
DA:300,0
DA:310,0
DA:322,0
DA:332,0
DA:348,0
DA:369,0
DA:403,0
DA:404,0
DA:405,0
DA:406,0
DA:407,0
DA:408,0
DA:409,0
DA:410,0
DA:419,0
DA:420,0
DA:421,0
DA:423,0
DA:426,0
DA:427,0
DA:428,0
DA:429,0
DA:431,0
DA:436,0
DA:437,0
DA:438,0
DA:439,0
DA:440,0
DA:441,0
DA:442,0
DA:443,0
DA:445,0
DA:446,0
DA:447,0
DA:450,0
DA:454,0
DA:455,0
DA:456,0
DA:457,0
DA:459,0
DA:462,0
DA:463,0
DA:464,0
DA:465,0
DA:467,0
DA:468,0
DA:469,0
DA:478,0
DA:479,0
DA:480,0
DA:484,0
DA:485,0
DA:489,0
DA:490,0
DA:492,0
DA:493,0
DA:494,0
DA:495,0
DA:497,0
DA:501,0
DA:511,0
DA:517,0
DA:529,0
DA:556,0
LF:137
LH:0
BRDA:46,0,0,0
BRDA:46,0,1,0
BRDA:76,1,0,0
BRDA:76,1,1,0
BRDA:79,2,0,0
BRDA:79,2,1,0
BRDA:87,3,0,0
BRDA:87,3,1,0
BRDA:90,4,0,0
BRDA:90,4,1,0
BRDA:91,5,0,0
BRDA:91,5,1,0
BRDA:91,5,2,0
BRDA:91,5,3,0
BRDA:91,5,4,0
BRDA:91,5,5,0
BRDA:91,5,6,0
BRDA:101,6,0,0
BRDA:101,6,1,0
BRDA:101,7,0,0
BRDA:101,7,1,0
BRDA:105,8,0,0
BRDA:105,8,1,0
BRDA:109,9,0,0
BRDA:109,9,1,0
BRDA:109,10,0,0
BRDA:109,10,1,0
BRDA:143,11,0,0
BRDA:143,11,1,0
BRDA:143,12,0,0
BRDA:143,12,1,0
BRDA:302,13,0,0
BRDA:302,13,1,0
BRDA:312,14,0,0
BRDA:312,14,1,0
BRDA:324,15,0,0
BRDA:324,15,1,0
BRDA:334,16,0,0
BRDA:334,16,1,0
BRDA:339,17,0,0
BRDA:339,17,1,0
BRDA:377,18,0,0
BRDA:377,18,1,0
BRDA:390,19,0,0
BRDA:390,19,1,0
BRDA:391,20,0,0
BRDA:391,20,1,0
BRDA:440,21,0,0
BRDA:440,21,1,0
BRDA:442,22,0,0
BRDA:442,22,1,0
BRDA:455,23,0,0
BRDA:455,23,1,0
BRDA:455,24,0,0
BRDA:455,24,1,0
BRDA:455,24,2,0
BRDA:464,25,0,0
BRDA:464,25,1,0
BRDA:494,26,0,0
BRDA:494,26,1,0
BRDA:494,27,0,0
BRDA:494,27,1,0
BRDA:511,28,0,0
BRDA:511,28,1,0
BRDA:542,29,0,0
BRDA:542,29,1,0
BRDA:569,30,0,0
BRDA:569,30,1,0
BRDA:579,31,0,0
BRDA:579,31,1,0
BRDA:592,32,0,0
BRDA:592,32,1,0
BRF:72
BRH:0
end_of_record
TN:
SF:src\views\examples\Tables.js
FN:41,(anonymous_0)
FN:72,(anonymous_1)
FN:99,(anonymous_2)
FN:117,(anonymous_3)
FN:135,(anonymous_4)
FN:153,(anonymous_5)
FN:189,(anonymous_6)
FN:196,(anonymous_7)
FN:202,(anonymous_8)
FN:208,(anonymous_9)
FN:222,(anonymous_10)
FN:249,(anonymous_11)
FN:267,(anonymous_12)
FN:285,(anonymous_13)
FN:303,(anonymous_14)
FN:339,(anonymous_15)
FN:346,(anonymous_16)
FN:352,(anonymous_17)
FN:358,(anonymous_18)
FN:372,(anonymous_19)
FN:397,(anonymous_20)
FN:415,(anonymous_21)
FN:433,(anonymous_22)
FN:451,(anonymous_23)
FN:487,(anonymous_24)
FN:494,(anonymous_25)
FN:500,(anonymous_26)
FN:506,(anonymous_27)
FN:520,(anonymous_28)
FN:547,(anonymous_29)
FN:565,(anonymous_30)
FN:583,(anonymous_31)
FN:601,(anonymous_32)
FN:637,(anonymous_33)
FN:644,(anonymous_34)
FN:650,(anonymous_35)
FN:656,(anonymous_36)
FN:670,(anonymous_37)
FN:697,(anonymous_38)
FN:715,(anonymous_39)
FN:733,(anonymous_40)
FN:751,(anonymous_41)
FN:787,(anonymous_42)
FN:794,(anonymous_43)
FN:800,(anonymous_44)
FN:806,(anonymous_45)
FN:825,(anonymous_46)
FN:835,(anonymous_47)
FN:843,(anonymous_48)
FN:851,(anonymous_49)
FN:859,(anonymous_50)
FN:899,(anonymous_51)
FN:926,(anonymous_52)
FN:944,(anonymous_53)
FN:962,(anonymous_54)
FN:980,(anonymous_55)
FN:1016,(anonymous_56)
FN:1023,(anonymous_57)
FN:1029,(anonymous_58)
FN:1035,(anonymous_59)
FN:1049,(anonymous_60)
FN:1076,(anonymous_61)
FN:1094,(anonymous_62)
FN:1109,(anonymous_63)
FN:1127,(anonymous_64)
FN:1163,(anonymous_65)
FN:1170,(anonymous_66)
FN:1176,(anonymous_67)
FN:1182,(anonymous_68)
FN:1196,(anonymous_69)
FN:1221,(anonymous_70)
FN:1239,(anonymous_71)
FN:1257,(anonymous_72)
FN:1275,(anonymous_73)
FN:1311,(anonymous_74)
FN:1318,(anonymous_75)
FN:1324,(anonymous_76)
FN:1330,(anonymous_77)
FN:1344,(anonymous_78)
FN:1371,(anonymous_79)
FN:1389,(anonymous_80)
FN:1407,(anonymous_81)
FN:1425,(anonymous_82)
FN:1461,(anonymous_83)
FN:1468,(anonymous_84)
FN:1474,(anonymous_85)
FN:1480,(anonymous_86)
FN:1494,(anonymous_87)
FN:1521,(anonymous_88)
FN:1539,(anonymous_89)
FN:1557,(anonymous_90)
FN:1575,(anonymous_91)
FN:1611,(anonymous_92)
FN:1618,(anonymous_93)
FN:1624,(anonymous_94)
FN:1630,(anonymous_95)
FNF:96
FNH:0
FNDA:0,(anonymous_0)
FNDA:0,(anonymous_1)
FNDA:0,(anonymous_2)
FNDA:0,(anonymous_3)
FNDA:0,(anonymous_4)
FNDA:0,(anonymous_5)
FNDA:0,(anonymous_6)
FNDA:0,(anonymous_7)
FNDA:0,(anonymous_8)
FNDA:0,(anonymous_9)
FNDA:0,(anonymous_10)
FNDA:0,(anonymous_11)
FNDA:0,(anonymous_12)
FNDA:0,(anonymous_13)
FNDA:0,(anonymous_14)
FNDA:0,(anonymous_15)
FNDA:0,(anonymous_16)
FNDA:0,(anonymous_17)
FNDA:0,(anonymous_18)
FNDA:0,(anonymous_19)
FNDA:0,(anonymous_20)
FNDA:0,(anonymous_21)
FNDA:0,(anonymous_22)
FNDA:0,(anonymous_23)
FNDA:0,(anonymous_24)
FNDA:0,(anonymous_25)
FNDA:0,(anonymous_26)
FNDA:0,(anonymous_27)
FNDA:0,(anonymous_28)
FNDA:0,(anonymous_29)
FNDA:0,(anonymous_30)
FNDA:0,(anonymous_31)
FNDA:0,(anonymous_32)
FNDA:0,(anonymous_33)
FNDA:0,(anonymous_34)
FNDA:0,(anonymous_35)
FNDA:0,(anonymous_36)
FNDA:0,(anonymous_37)
FNDA:0,(anonymous_38)
FNDA:0,(anonymous_39)
FNDA:0,(anonymous_40)
FNDA:0,(anonymous_41)
FNDA:0,(anonymous_42)
FNDA:0,(anonymous_43)
FNDA:0,(anonymous_44)
FNDA:0,(anonymous_45)
FNDA:0,(anonymous_46)
FNDA:0,(anonymous_47)
FNDA:0,(anonymous_48)
FNDA:0,(anonymous_49)
FNDA:0,(anonymous_50)
FNDA:0,(anonymous_51)
FNDA:0,(anonymous_52)
FNDA:0,(anonymous_53)
FNDA:0,(anonymous_54)
FNDA:0,(anonymous_55)
FNDA:0,(anonymous_56)
FNDA:0,(anonymous_57)
FNDA:0,(anonymous_58)
FNDA:0,(anonymous_59)
FNDA:0,(anonymous_60)
FNDA:0,(anonymous_61)
FNDA:0,(anonymous_62)
FNDA:0,(anonymous_63)
FNDA:0,(anonymous_64)
FNDA:0,(anonymous_65)
FNDA:0,(anonymous_66)
FNDA:0,(anonymous_67)
FNDA:0,(anonymous_68)
FNDA:0,(anonymous_69)
FNDA:0,(anonymous_70)
FNDA:0,(anonymous_71)
FNDA:0,(anonymous_72)
FNDA:0,(anonymous_73)
FNDA:0,(anonymous_74)
FNDA:0,(anonymous_75)
FNDA:0,(anonymous_76)
FNDA:0,(anonymous_77)
FNDA:0,(anonymous_78)
FNDA:0,(anonymous_79)
FNDA:0,(anonymous_80)
FNDA:0,(anonymous_81)
FNDA:0,(anonymous_82)
FNDA:0,(anonymous_83)
FNDA:0,(anonymous_84)
FNDA:0,(anonymous_85)
FNDA:0,(anonymous_86)
FNDA:0,(anonymous_87)
FNDA:0,(anonymous_88)
FNDA:0,(anonymous_89)
FNDA:0,(anonymous_90)
FNDA:0,(anonymous_91)
FNDA:0,(anonymous_92)
FNDA:0,(anonymous_93)
FNDA:0,(anonymous_94)
FNDA:0,(anonymous_95)
DA:41,0
DA:42,0
DA:72,0
DA:99,0
DA:117,0
DA:135,0
DA:153,0
DA:189,0
DA:196,0
DA:202,0
DA:208,0
DA:222,0
DA:249,0
DA:267,0
DA:285,0
DA:303,0
DA:339,0
DA:346,0
DA:352,0
DA:358,0
DA:372,0
DA:397,0
DA:415,0
DA:433,0
DA:451,0
DA:487,0
DA:494,0
DA:500,0
DA:506,0
DA:520,0
DA:547,0
DA:565,0
DA:583,0
DA:601,0
DA:637,0
DA:644,0
DA:650,0
DA:656,0
DA:670,0
DA:697,0
DA:715,0
DA:733,0
DA:751,0
DA:787,0
DA:794,0
DA:800,0
DA:806,0
DA:825,0
DA:835,0
DA:843,0
DA:851,0
DA:859,0
DA:899,0
DA:926,0
DA:944,0
DA:962,0
DA:980,0
DA:1016,0
DA:1023,0
DA:1029,0
DA:1035,0
DA:1049,0
DA:1076,0
DA:1094,0
DA:1109,0
DA:1127,0
DA:1163,0
DA:1170,0
DA:1176,0
DA:1182,0
DA:1196,0
DA:1221,0
DA:1239,0
DA:1257,0
DA:1275,0
DA:1311,0
DA:1318,0
DA:1324,0
DA:1330,0
DA:1344,0
DA:1371,0
DA:1389,0
DA:1407,0
DA:1425,0
DA:1461,0
DA:1468,0
DA:1474,0
DA:1480,0
DA:1494,0
DA:1521,0
DA:1539,0
DA:1557,0
DA:1575,0
DA:1611,0
DA:1618,0
DA:1624,0
DA:1630,0
LF:97
LH:0
BRF:0
BRH:0
end_of_record
